100
0 893 5675 3590 3068 4456 1227 717 9455 4548 1254 882 5905 905 1143 5251 6614 6573 6601 2919 8973 2556 1563 1219 6045 6136 9750 5278 2482 1555 1242 120
1 3665 6890 6895 5508 6242 5247 4727 2422 7668 1787 7065 7443 2270 8306 7292 3765 3185 2061 2140 6394 6981 2308 8620 2773 5367 1901 2902 4334 3961 9356 8476 5013 5366 4063 3543
2 4346 9977 3506 2799 2085 2689 2028 7828 8774 7811 8783 7702 5819 2113 3862 9547 3824 9589 8741 3095 7732 6695 9434 9694 2703 5235 5659 4151 8028 7703 4509 4607
3 13 34 1073 2078 54 848 906 6 945 1088 235 392 5519 143 99 488 459 222 3359 100 2611 130 3299 24 447 66 535 9138 1334
4 767 580 5977 3860 229 78 558 3406 1628 6913 652 335 319 9290 1257 1623 497 4492 2038 165 2348 173 3973 1895 670 2445 429 269 1624 4791 28 2143 139
5 2830 5208 8546 4405 8407 6425 3391 3364 3881 2358 6645 1024 394 4908 2918 9664 5614 7363 5063 5938 609 3762 1148 938 2596 8767 7648 3124 1437 9447 4400 1365 2841
6 3866 3298 4393 1904 9574 36 2191 7411 35 2360 364 7924 3478 4638 1662 0 4081 27 105 5154 2963 11 8319 31 256 290 9546 177 4360 6937 21 5395 583
7 7676 1277 4673 3528 2321 2083 4023 8486 1576 263 1641 2768 6031 999 5430 5617 1214 833 289 398 3011 2710 1189 807 303 2205 1695 250 2495 4789 888 948 880 2744 3698 725
8 8189 9369 1947 2231 1588 1381 1871 2724 7448 6116 5530 2573 557 1163 2903 9962 4535 7078 464 2193 1386 3637 973 5011 1971 3626 3932 4976 773 574 4885 3467 2700
9 1944 2923 5917 7003 6106 7426 9218 5771 2747 5998 8165 8520 4519 2017 5641 5349 3551 5521 3319 6144 6593 7392 8322 7878 1814 8296 2792 8087 6718 2831 6261 6154 4005 2721 4642 3559 1860 2741 6729
10 6109 3549 4698 4109 4039 4330 5229 4697 3890 7964 1739 4411 8970 6881 9314 5074 4230 5325 9057 8183 2757 7808 7156 5664 8714 3602 3552 4545 1454 6758 3477 5926
11 4091 4204 6271 2003 8442 5382 6676 3962 2043 2027 2188 1834 7884 110 2494 4929 600 6532 805 740 6335 502 265 8010 7989 7956 2961 962 7559 846 4099 117 4045 873 2521 9927 6138 2060
12 8906 3688 7032 5894 3285 3835 4237 7929 3128 2281 7238 7914 6178 3799 5824 5762 7434 5098 7742 8989 3283 8334 2164 1849 4263 1101 6808 4917 1578 280 701 9611 2811 6068 5381
13 1865 6980 3989 793 2911 3572 724 310 358 4723 1506 7810 6480 1402 3600 600 2793 275 465 233 2664 50 341 192 1156 227 7658 4994
14 6759 9868 5845 7336 8965 4188 9248 3527 6431 3402 6158 9206 5177 6830 2595 7226 1832 3614 7109 8417 1813 4111 6110 4466 4079 3204 2366 8299 3643 2986 3711 1240 2547 9559 6604
15 8787 8568 1798 7166 9639 4961 4356 9192 6390 2040 8535 9262 6660 4876 2976 376 4004 4119 901 8819 8397 9591 2928 5970 1411 4395 7187 2649 8080 7585
16 380 223 4416 2001 207 643 3632 1438 2491 417 1908 2746 1579 462 418 3950 8679 350 2096 2107 169 4809 6565 349 2786 1985 2274
17 996 1390 3904 3889 1927 665 3220 2382 2694 5844 751 9660 6797 5459 4077 458 9141 5218 1645 6302 6378 4484 1352 2145 3306 2803 2072 2614 6249 1795 1471 6199 617 5404 638 561 3289
18 5822 5789 6501 2146 7990 6475 3104 5148 5533 8100 3410 5006 1226 3557 5722 1369 6787 3127 6622 728 1930 5969 6909 7747 7184 1821 622 6037 8424 7557 2839 1238 1171 731 656 1298 1251 3888 7984 2120
19 6723 8312 8429 8135 1730 4128 6580 2364 9823 4120 7366 3426 7237 2224 4107 4802 9301 2879 4483 2064 2776 1484 2046 5752 802 7773 9329 1657 1483 6698 3106
20 3808 1117 8460 3200 1528 1474 6095 2150 3405 7905 7429 2344 7048 7445 7421 1817 7159 6362 967 3080 2097 4889 7606 3081 748 1458 5193 8838 3052 2659 1330 3533 3483 2153 859 4171
21 2587 9373 6047 2376 6015 6813 3717 5554 5307 811 1577 8904 5532 3981 2709 9271 5049 4770 7012 4737 7242 6105 4181 4047 1222 7296 4021 6115 2637 6407 4327 2848 501 4837 4567 3194 7993 1850 1888 5974 2148 3684
22 674 3361 4520 8226 5964 1547 3504 4683 512 7527 5600 7624 7302 4103 8127 2490 7480 1173 4863 1028 2942 2989 2237 7597 1405 4637 3729 769 5734 8955 7194 5788 3122 2122 6434 1132 7293 9517 1290 1089
23 5120 3099 2204 3494 7284 4620 5810 4072 1708 1981 3700 5834 1597 845 2852 411 3706 6644 2568 1801 1345 1499 4162 2579 1109 1103 4766 2241 1042 3839 7881 4572 1951 3806
24 2510 1745 6963 6357 708 8450 9145 2485 7873 2956 2866 4363 990 6408 925 6726 7201 2133 3744 2736 5333 1357 1940 2758 6238 1364 620 6347 3958 2948 8480 6527 1187 5052 2764 1696 4918 2783
25 8908 3556 7282 3254 5072 2466 6148 8888 9426 5024 5346 4160 9205 3262 3479 2016 1200 2699 2255 2007 8600 3139 896 1965 4094 4429 627 5874 4596 5637 3747 463 5538 1215 3880 166 69 5482
26 4141 7475 3030 5954 7315 5426 2492 5769 7604 4907 1396 1897 913 5747 1350 4016 2493 6369 2271 7092 2517 2419 9351 3596 9803 871 8152 1241 3638 4813 5142 714 4300 4273 5959 155
27 9693 7414 4978 1633 3413 4339 4854 5412 4643 5708 3663 1922 5829 3582 1621 6460 3073 3451 1146 9088 8149 1735 2278 7086 5295 704 792 8088 7033 8019 1160 2200 3048 4852 6837 8057 4370 2889 8761 919
28 5933 2876 5560 337 1246 6481 521 3428 1538 287 9407 978 1341 4625 4157 900 709 5483 1193 612 8766 1008 421 8162 79 861 2551 2576 5924 5626 220 282 2571 197 2486
29 4632 3941 4757 3953 438 5506 8976 4702 2684 5655 2650 513 6668 2947 4031 763 3512 2314 8917 2121 2396 4365 6365 1537 6359 2294 2380 984 2643 2524 3338 2487 2513
30 1886 1210 9948 6991 1170 2277 1182 8699 2156 4027 383 3536 7614 989 2816 492 2628 3178 7723 4274 5631 5210 1788 2079 2785 1674 759 163 1753 2048 3768 1303 468
31 5176 952 8058 9981 3697 4062 8219 4831 3980 2629 1612 4061 6595 4397 3491 2504 304 3455 489 4761 9513 150 6176 8507 2066 5570 81 3121 4221 29 194 9516 6141 1958 867
32 167 124 1884 1031 3815 3853 1744 5207 4135 7729 935 102 4418 1926 4941 2185 276 6779 8372 301 772 8380 1522 3160 168 6313 374 2965 1917 8732 1371 9167 1663 267 1137 193 5091 5921
33 9140 3687 4925 7376 2950 3956 7972 2447 8108 3454 9505 2695 5806 4114 8931 5861 8225 3043 4042 2933 8110 8751 2845 4624 2673 3686 3699 7228 9736 3639 2214 9207 5465 7437 9907 1306 9716 4585 5101 6086 3046 3514
34 3516 3125 2873 8599 8430 1670 8806 2115 936 2985 2319 1149 6524 5878 4504 1700 4591 4599 1731 1620 4685 3859 6523 4417 3437 2570 8932 9439 2444 1007 5850 4133 720 9886 2955
35 4622 5437 3020 6670 1694 5948 4435 9495 2089 1830 1504 1415 4615 8032 897 3622 1782 7378 605 499 9391 3332 696 291 1607 844 4410 1 74 653 686
36 4654 1212 1797 1771 6611 1996 7081 3996 3718 1783 2843 9000 7069 9521 5001 3505 1005 2151 1919 1481 3230 3513 3777 1877 1922 1358 6946 6767 1501 642 1034 1682 4705 8454 7833 1638 4953 2591
37 2430 542 5479 7669 2035 1372 8969 647 4380 9467 3412 734 3522 5332 491 6451 5084 2612 7132 5178 3028 4701 2787 548 2126 6130 3947 1176 4307 1748 2227 2070 6577 1737
38 1054 7 8444 2385 360 488 268 1362 183 1123 298 227 16 4361 257 18 442 903 62 5383 2371 6284 3034 1624 70 129 68 3444 82 430 2824 1329 175 1239 356 187 355
39 678 4420 6446 4388 3401 836 4367 431 646 1308 4028 979 7108 423 8001 2128 2202 4147 2077 413 6063 2657 4768 7084 2990 878 7182 3891 2854 9246 2375 6817 434
40 2550 7181 4381 7574 8494 733 9986 7635 1581 1307 5702 7826 727 879 1272 2631 1223 6493 7481 2442 875 889 957 601 4790 2137 182 3400 3044 4314 1053 4928 1627 3924 5546 8159 8835 3462 1583
41 5277 4555 6265 3882 9767 3568 3523 5397 5781 1815 2881 3784 6338 7591 2817 5737 1271 4648 2173 3661 4797 2915 650 1837 5621 3092 382 608 5619 3935 4728 2780 3807 5200 1572
42 5066 4372 7397 7360 4199 9599 4296 5591 4379 6215 8980 9541 9355 6033 8468 4190 9332 1018 3617 8654 2555 9042 8621 4972 5952 2505 5522 3198
43 1416 1259 397 213 633 412 1019 2406 1128 171 600 874 347 181 231 1677 93 7986 1397 982 2473 1967 132 7589 134 234 1988 371 6337 236
44 8611 4855 5817 7768 3877 3240 6259 3366 9255 1518 5365 4751 6054 2305 5624 3566 3004 7278 4844 4817 3620 8942 6257 2929 2450 2468 3911 2082 838 7518 9285 1933 2983 5848 2713
45 1802 6713 9912 3764 5539 3475 1127 1351 6376 4211 2958 5625 2090 7893 4547 3994 6490 3938 9779 1654 9805 6747 5270 2585 7895 1316 9219 2885 8273 2807 5990 6959 3158 7055 1310
46 7021 8718 4185 9902 1565 5473 4902 5996 6654 4583 1460 4175 5345 7841 6397 5494 2994 9338 5402 7431 1586 4436 3820 2912 5786 5156 8871 8177 7075 1324
47 2391 4060 2870 9732 4038 7416 9768 8136 4140 1048 7493 8531 2532 8878 4471 2266 5693 9476 2269 6534 3162 5182 3448 7463 4896 9430 8489 1347 9134 9081 5910 3558 6907 2607 2770 6393 1689 4806 3635
48 981 4821 934 8203 8521 4722 7090 1234 5527 6041 7093 4246 2084 1643 6832 794 2988 7245 8616 2863 7384 1093 2920 5124 1302 2740 6310 486 6410 1719 4497 4247
49 4710 3537 1767 8612 3236 9392 4112 8984 5895 9713 4765 5552 4608 4428 5223 3662 918 8030 6059 6077 4331 4169 5511 7394 7304 4551 7430 3499 5221 1585 2032 1928 6838 6962 4035 3190 4613
50 4592 8503 2229 1394 4139 3789 1891 2563 2106 3218 2564 6755 1826 4242 5490 6354 3047 7763 2453 3173 3377 564 7171 1359 2081 2762 440 2091 3363 3341 3126 4476 4309 1652 3970
51 2826 5542 3722 5095 4433 9361 3576 3734 2756 7404 9213 6566 8845 9127 5612 1491 4601 1602 1705 1343 2938 7711 6877 1804 439 780 292 1159 373 205 1299 6554 5603 860 45 8986 487 820 9365
52 208 4415 1899 1680 1147 7679 6171 368 804 1291 5555 4049 7379 153 6001 4249 1333 7407 2042 8532 1493 673 461 4495 1417
53 5034 1894 2775 1444 1571 785 1224 2052 1317 3748 9613 9424 5689 377 3358 803 2313 425 135 1108 1598 1408 3032 1304 241 414 157 1037 9551 244 1144 8309 328 1428 2814 3038 1183 3541 219 306 5150 1495 1077 2433 7712 4371
54 9146 6791 7612 7759 6325 9840 5058 3934 6653 6032 6852 7530 2541 9848 5833 4126 5973 2197 9825 1067 9926 1632 1982 7660 7444 4678 2892 1660 5060 2400 9654 2805 2383 1611 4568 2688 1768 1766 5514
55 8325 6478 2847 5012 1587 732 2223 6641 8345 5121 7337 7609 3090 3774 5086 4808 2093 9438 5264 9855 5609 8950 8716 8610 7690 5882 4332 4132 9229 4148 1126 5853 6887
56 1613 6085 1890 3796 2858 1184 1072 2943 966 1543 2044 7499 6301 3287 8114 1840 1600 3442 9742 4612 8132 8402 6348 1406 9915 855 5276 1806 922 1379 1690 7395 6417 3374 3416 5566 7168 822 3631 2264 1502 3756
57 2062 202 154 3613 2280 5064 2157 8272 4922 1442 5577 6632 307 8586 3130 5942 2883 410 1776 224 2458 9725 1511 2010 448 9884 3612 797 6616 4858 6979 4881 9548 4656 3975
58 9101 7922 2598 8343 1457 5149 6111 6905 7491 2719 2893 4401 9539 5838 3987 7279 2203 6483 939 5031 1338 5598 3369 6463 4720 6571 8682 7726 9931 2975 2593 5860
59 1325 2692 1118 6246 9005 4672 3702 8139 1972 3226 921 1429 8146 1134 5173 2622 684 3280 5581 271 225 115 5376 42 52 475 20 1100 7805 683 2479 837 172 121
60 4262 3005 2658 5904 1775 7161 5841 2025 1723 7770 3670 5985 4373 248 6411 7876 2409 2024 5960 2501 4404 9275 470 409 4742 401 3024 1450 1398 760 432 7401 706 58 782 1292 2170 1554
61 3965 2545 3979 3623 530 1162 2328 2117 6868 1003 7473 6223 5997 840 2388 1785 6748 1020 3696 3972 2590 1909 3390 4646 8672 9294 1836 1168 9584
62 4533 1651 3619 8734 4232 3167 8681 4197 3312 5550 9386 2474 6169 2234 5760 5706 8669 2872 5047 7252 2565 2951 7714 9087 2347 1213 1764 7454 6107 3270 2372 3870
63 1560 4835 5137 6386 5770 5190 5410 6383 3111 4014 4636 5372 7121 2511 4046 4540 5779 4100 5857 6879 6549 3249 5989 1520 6942 4647 2991 5127 1869 8543 3337 3991 8897 3248 7892 9824
64 3713 9397 4700 8031 8005 6672 6536 5859 9460 2697 8826 3485 8891 9565 3798 8490 8596 3305 3940 7859 3716 3058 5585 3856 6775 1258 874 6165 4560 810 6423 9199 1872 5692 8338 55
65 503 457 344 1071 637 278 6058 5564 7752 5825 2213 8344 5720 3288 2791 8055 6575 3476 567 131 8373 6222 7356 2022 2260 862 6270 8886 4145 2132 519 1204 3767 1954
66 4696 4814 2945 8447 9520 4836 7506 3118 4180 2139 6206 1812 3535 3193 3486 8743 5729 1087 2464 3066 5322 1760 6558 7674 6952 644 6468 4897 7023 6917 1979 8116 4172 2717
67 4178 334 190 2894 6486 6074 4916 109 3646 6291 9464 4174 6046 4517 400 1264 4795 7979 4191 7537 343 3179 4510 1956 3654 443 3033 2707 2392 3227 6112 1582 2379 8518 1336 1225 5162 7915 1679 3389
68 5463 7509 6745 6356 8466 5435 4138 504 5286 4594 9269 3177 746 5306 2123 6414 924 2012 483 5212 3314 7636 7342 3189 7971 1122 4412 1593 631 2265 790 1400 1319 6163 3601 5661 5415 8911 2216
69 3062 4423 4244 3710 3833 6452 4325 1852 2033 3059 9531 4276 7816 7328 2158 699 387 1155 2195 1841 2381 1532 1125 3258 559 4828 884 370 702 876 3846 1061 2616 2864 119 1686 1294 8270
70 2014 365 7653 1548 7208 247 2836 422 577 1706 2059 4455 9566 2794 5478 5688 531 2609 1964 3884 471 2186 6870 6344 2681 4304 4942 5385 1718 3310 125 3831
71 1361 7566 8041 5242 3464 2102 7214 6924 6093 1489 7269 9143 9132 2087 8104 582 96 7733 1266 8542 8324 159 106 5767 9770 145 3563 809 1939 4088
72 1889 3507 2315 9268 9571 7797 664 1202 1323 6094 750 281 388 490 5727 324 428 5492 1313 6126 6655 1436 6419 798 103 1035 4977 5855 1190 357 1420 1434 138 404
73 9733 2259 3649 7866 2959 6589 5050 4645 4252 3495 8663 6327 6518 1472 2896 2211 1057 7821 4341 9528 3886 5028 4805 980 1553 2842 5197 9461 9073
74 843 621 1759 1906 1963 8241 8770 3618 6696 7774 3636 2356 8740 6027 2647 1060 9360 2471 4255 2733 7364 4473 3309 4125 7390 5417 6716 9543 2230 992 9071 4930 710 5526 4597 8853
75 9014 5955 8180 3452 9148 9665 581 815 6166 3720 1131 4342 768 323 1321 71 6412 5803 98 141 142 7169 26 4009 4050 8131 293 170 3330 316 37 5055
76 5141 7225 942 8095 8705 5946 3584 3436 9943 3470 5185 3625 4053 8245 3182 9317 4778 3919 6851 5230 4741 2405 3468 7207 2844 4530 4868 4853 8893 6288 8725 3279 783 2208 5260 5565 8988 3992 1604
77 6896 5022 5551 3045 7074 8733 755 8332 2258 2378 645 8795 1803 4430 3560 618 308 776 5832 1373 1366 20 44 75 4716 6188 3180 712 251 495 243
78 5248 761 4073 3906 2818 2704 8971 1559 6744 9832 9642 1574 6544 1936 7283 2009 4134 1898 4295 3999 9987 3274 961 1260 2171 4156 1046 5902 6131 825 318 930 4343 1229 2198 1194 2653 3057 6049
79 1278 9280 5059 5791 9471 3842 2506 9918 4968 1681 1455 6662 817 450 2549 5429 1709 1235 3201 393 7209 3471 9225 1986 295 9109 598 4537 1452 2857 4848 1315
80 9739 1751 7123 3742 3826 2869 1339 8377 1666 8608 9628 3666 5567 2037 2909 8480 2424 5443 8217 7150 5294 974 4287 2895 5839 5231 9273 629 5301 816
81 8538 4386 3801 4251 7813 3063 2160 8243 3327 2789 2682 7320 4851 3673 4318 858 396 9208 7195 586 3427 5392 1135 1231 9631 1395 865 4679 7640 7117 3677 8094 869 1151 4500 6769
82 9653 3142 7311 2661 3291 9711 1124 4507 2417 4018 9252 9842 3339 1107 2518 5419 1779 895 7852 2676 8519 9414 6458 8375 7253 1937 3493 7975 703 2567 3300 7710 7241 7528 7677
83 9876 8689 4303 2436 4238 3250 641 3169 5512 5709 2670 2654 614 228 666 9808 9649 8428 963 1032 587 7313 6657 5965 6629 2413 6765 260 7260 2232 3348 126
84 8036 2263 9485 5987 2558 6639 1969 6355 9469 7959 2034 7575 2168 2921 5916 3156 3347 8536 4614 3143 2056 8643 1594 2813 4619 4659 6066 5021 9975 1145 7751 5268 2248 6762 2136 1524 4210 4347
85 4240 6381 3234 3384 9723 2013 970 9304 1112 6030 2725 6261 8422 1453 2144 2312 2730 2680 951 1367 6926 2562 1388 4602 9792 8860 1312 3183 8123 9372 2397 1392 1757 4390 1878
86 245 1033 3354 500 2182 1480 1924 781 4051 2051 729 682 2210 658 5350 694 4840 851 1407 508 672 441 2023 2374 330 8579 847 2652 1255 5355 8978 968 1482
87 5046 1687 2509 6052 7185 1842 8414 3489 1295 5448 2594 2045 3069 693 5561 5469 2908 1208 1622 7622 2071 1045 4319 2752 5265 518 3604 2108 2076
88 2080 1153 539 3640 789 1439 2491 6955 9957 829 5326 796 692 8017 1591 972 994 4841 6650 3879 3761 914 8696 2952 7396 5668 1263 3251 6226 3040 3429 7870 6831 3858 1673 700 5507 1683
89 3303 3340 603 950 4486 866 726 2503 1172 1318 7548 4048 6489 584 3022 1948 636 1185 2005 7541 3694 300 3155 2941 3259 9657 4773 466 7962 7848 1595 485 9514
90 4235 9358 6266 1282 5583 3823 3496 2020 2209 3457 8378 4442 2899 1808 1676 4829 7532 7085 2718 4604 3219 6941 8395 5489 2977 3203 4007 6371 4189 9446 4793 4470 1384
91 3630 8117 4633 2030 4183 4996 3741 4259 1646 4967 6005 9004 7525 1746 8585 1987 3229 3370 8151 4951 4557 4131 1166 8843 3336 6997 4195 3244 1671
92 1765 38 161 1714 1065 49 445 607 46 327 6229 2572 92 3025 1549 506 5 6702 174 6834 5447 217 30 206 2 83 4264 399 1772 735 5214 408 128 9607 176 881 915 3097
93 8614 1098 3447 2181 7124 3260 6297 5297 6400 2124 3586 1075 8389 3133 9569 5027 1845 8421 1180 9040 1747 5041 9556 353 525 4090 5893 3115 3730 1058 6821 524 3497
94 311 6903 2625 721 164 1140 1001 7040 552 4857 1015 8993 5051 7288 1918 273 827 8884 322 2217 2819 681 9401 1142 5119 7639 1544 242 1990 830 1096 148 549 554
95 6912 1763 5704 4439 7320 6636 3430 2496 7461 2778 1120 8728 8693 588 1962 7122 2771 606 5461 5196 1013 89 9864 3 7287 114 2338 65
96 1950 7063 1249 1955 7872 5616 2702 579 3094 1179 7306 1777 6760 7995 321 4526 6009 4611 628 2623 4726 573 5636 713 3082 2454 5175 5932 2855 2897 9946 504 4130 1423 6971 6459
97 3311 5582 3675 6341 7322 3397 6102 4301 1492 5065 6096 4947 1002 2618 9630 6405 1609 6361 5358 3295 7692 7840 5712 1206 1974 1868 6051 4913 4478 3342 9722 3964 6062 8851 1049 2860 9195 1174 2235 6621 6409 4142 9305 3102
98 1710 2008 7173 5748 7544 2246 2827 2665 3517 9123 2110 1970 5947 285 226 9874 3065 7274 6608 6008 1636 6546 1672 955 3564 2638 6932 5048 4104 494 7022 6656
99 9095 3597 4065 3001 3161 8176 599 718 739 1561 1085 1014 1076 3392 5225 3878 6161 5115 5407 4118 5441 6228 1038 5233 786 4552 5719 7060 4089 7234 1864 7869 4869 3849 3110 6402
