2 34 278 
3 275 171 253 
1 288 
2 105 67 
3 285 192 183 
4 99 273 242 240 
4 263 267 10 215 
1 3 
6 38 129 111 61 48 265 
2 29 102 
2 21 282 
3 73 252 186 
4 57 113 89 196 
3 144 91 112 
4 225 198 297 178 
4 185 191 35 173 
4 82 20 176 123 
8 167 193 64 287 141 228 262 175 
5 216 156 244 237 49 
5 88 246 197 47 46 
3 190 235 2 
0 
4 54 159 139 165 
2 30 256 
3 218 245 241 
6 299 15 40 255 182 189 
1 104 
3 170 90 181 
1 85 
2 5 292 
6 184 62 157 158 289 270 
1 138 
3 108 283 66 
5 80 63 121 163 269 
2 133 132 
1 142 
1 298 
0 
6 249 58 45 71 233 52 
8 4 172 217 68 6 266 126 247 
1 13 
2 243 70 
3 107 109 69 
1 258 
2 284 81 
2 203 79 
2 168 120 
2 259 268 
2 41 131 
2 92 130 
3 281 101 84 
2 23 76 
1 271 
3 180 276 43 
4 212 72 210 257 
5 75 236 140 201 206 
1 1 
0 
4 220 160 93 115 
2 14 248 
4 32 195 31 94 
2 19 122 
5 187 213 26 264 280 
3 150 232 188 
5 87 286 60 42 106 
2 74 22 
2 118 205 
3 214 124 274 
4 222 119 100 293 
2 136 83 
1 25 
1 261 
5 103 128 209 51 154 
2 219 152 
2 291 97 
3 148 204 279 
5 110 95 277 117 17 
3 0 239 229 
3 200 177 135 
3 24 207 59 
3 161 153 149 
5 162 260 290 39 211 
4 254 194 9 151 
3 164 146 98 
3 53 27 199 
2 295 272 
4 296 224 86 238 
3 56 174 16 
1 134 
3 78 145 37 
5 116 125 230 28 50 
7 7 127 227 147 223 12 143 
2 166 77 
3 8 18 169 
3 137 11 251 
3 202 114 155 
4 294 44 226 250 
1 231 
2 96 55 
1 208 
