59 0 2 83 122 126 271 429 443 639 669 821 918 956 1028 1045 1104 1128 1495 1585 1628 1782 1872 1893 1990 2016 2110 2264 2382 2423 2439 2499 2564 2580 2744 2865 3226 3230 3325 3380 3469 3487 3501 3659 3680 3848 4019 4047 4064 4077 4089 4166 4240 4332 4355 4356 4396 4435 4539 7550 
60 18 55 103 148 225 350 466 666 727 756 802 826 844 916 962 985 1107 1117 1253 1312 1423 1640 1679 1724 1887 1916 1923 1999 2025 2032 2070 2526 2710 2723 2732 2798 2858 2996 3020 3186 3369 3631 3773 3818 3837 3921 4003 4008 4014 4121 4125 4258 4285 4346 4439 4479 4490 4499 4669 5131 
63 51 145 156 282 341 417 434 629 743 948 1083 1126 1173 1230 1239 1254 1333 1453 1539 1546 1671 1933 1995 2055 2085 2126 2175 2274 2286 2305 2367 2407 2416 2462 2524 2616 2644 2708 2718 2960 3079 3102 3174 3283 3305 3367 3395 3461 3542 3667 3841 3917 3981 4107 4123 4168 4255 4673 4688 4767 4775 4791 9339 
60 10 228 265 280 326 419 497 603 682 709 723 790 793 1069 1115 1121 1196 1289 1338 1424 1537 1577 1594 1607 1631 2067 2095 2189 2217 2314 2475 2605 2719 2734 2830 2871 2994 3101 3112 3362 3457 3499 3577 3690 3708 3736 3778 3831 3856 3925 3953 4043 4162 4204 4247 4352 4416 4601 4761 4776 
58 26 89 114 174 248 400 462 486 574 807 860 883 977 1273 1472 1531 1608 1629 1714 1753 1966 2038 2041 2185 2304 2343 2344 2618 2627 2645 2656 2828 2893 3100 3137 3141 3262 3311 3400 3615 3653 3767 3879 3967 3999 4237 4375 4433 4523 4567 4698 4719 4722 4727 4736 4765 4824 5042 
54 37 41 98 411 420 508 580 650 652 995 1095 1176 1218 1285 1435 1494 1528 1530 1614 1706 1717 1739 1758 1918 1935 1960 2022 2405 2431 2448 2484 2530 2531 2541 2628 2714 2835 2930 2947 3062 3165 3233 3259 3275 3319 3379 3720 3858 4087 4182 4344 4376 4486 8441 
64 45 86 182 197 252 286 316 339 421 456 567 657 818 857 926 943 1255 1263 1294 1329 1402 1560 1691 1792 1964 2009 2056 2060 2092 2156 2285 2330 2370 2577 2703 2724 2777 2823 2878 2899 2970 3035 3097 3121 3249 3342 3526 3715 3726 3737 3757 3911 4053 4070 4178 4210 4232 4301 4308 4311 4470 4589 4760 5834 
60 11 75 150 178 276 279 401 414 433 583 619 788 1022 1080 1156 1229 1246 1277 1471 1627 1642 1666 1707 1869 1956 2010 2021 2087 2113 2167 2289 2338 2604 2761 2819 2897 3095 3157 3229 3341 3399 3406 3407 3647 3844 3892 3902 4050 4051 4096 4184 4252 4326 4412 4448 4469 4628 4648 4697 4729 
60 96 143 442 446 500 623 636 696 697 704 989 1053 1078 1132 1141 1212 1260 1278 1372 1429 1582 1829 1924 2048 2059 2160 2201 2290 2410 2428 2565 2678 2688 2745 2802 2850 3008 3154 3210 3415 3483 3511 3546 3554 3602 4099 4309 4380 4447 4520 4586 4625 4671 4683 4717 4740 4770 4827 5273 8927 
61 50 153 219 256 329 472 478 561 602 622 799 928 1098 1215 1247 1270 1390 1438 1487 1534 1553 1650 1745 1841 1861 2046 2111 2128 2287 2310 2366 2621 2630 2687 2786 2892 2916 2941 3252 3276 3292 3303 3322 3425 3438 3455 3529 3664 4040 4058 4133 4169 4230 4242 4350 4427 4577 4595 4613 4779 4780 
65 121 212 216 239 337 422 506 524 529 655 677 707 792 850 981 1059 1072 1142 1201 1275 1283 1303 1406 1510 1687 1806 1853 1992 2035 2124 2150 2291 2300 2331 2392 2419 2454 2472 2519 2596 2624 2681 2698 2700 2890 2953 3366 3479 3496 3497 3581 3823 3891 3984 4020 4049 4063 4167 4171 4267 4444 4460 4573 4720 5245 
66 56 108 129 204 308 319 397 461 489 528 559 606 888 904 980 1086 1133 1172 1197 1341 1358 1396 1655 1740 1770 1868 1892 2012 2030 2078 2239 2241 2369 2490 2670 2705 2717 2731 2735 3066 3090 3150 3180 3198 3530 3574 3575 3805 3882 3957 4079 4163 4277 4302 4397 4414 4468 4530 4623 4633 4694 4696 4701 4706 4875 5503 
62 66 137 370 449 608 610 733 833 992 1027 1040 1074 1188 1234 1297 1365 1417 1436 1455 1502 1858 1896 1904 1907 1962 2043 2057 2132 2194 2324 2353 2543 2637 2722 2754 2915 2926 3206 3239 3250 3308 3374 3384 3435 3507 3652 3675 3707 3806 3929 3983 4144 4199 4235 4266 4385 4491 4571 4650 4793 4835 5090 
60 140 192 299 393 570 586 777 789 838 843 1004 1054 1175 1203 1240 1266 1327 1359 1412 1490 1509 1518 1575 1604 1972 1981 2312 2430 2434 2471 2515 2607 2669 2715 2764 2779 3234 3257 3289 3310 3383 3418 3481 3500 3503 3517 3599 3683 3728 3743 3770 3817 3852 3901 4093 4509 4579 4629 4657 4922 
62 48 203 222 457 501 534 612 745 747 760 951 958 1038 1052 1122 1166 1237 1366 1374 1383 1443 1497 1540 1547 1613 1764 1800 1965 2129 2293 2507 2606 2608 2780 2847 2884 3107 3124 3127 3148 3360 3489 3650 3687 3796 3959 4032 4062 4071 4084 4108 4291 4296 4337 4441 4603 4634 4646 4675 4695 4762 4916 
60 43 70 72 168 176 241 364 476 502 504 699 1068 1161 1231 1250 1318 1323 1399 1451 1696 1880 1882 1958 2227 2345 2350 2358 2417 2469 2586 2686 2727 3118 3176 3510 3519 3532 3562 3609 3622 3702 3799 3808 3874 4145 4225 4272 4366 4438 4463 4505 4542 4554 4557 4660 4725 4741 4744 4815 4990 
60 4 390 471 566 635 649 749 776 782 837 959 1006 1084 1103 1147 1153 1193 1249 1356 1498 1555 1652 1721 1736 1785 1906 1917 1984 2094 2104 2513 2792 2910 2918 3028 3256 3445 3453 3512 3543 3592 3666 3699 3724 3766 3849 3930 4011 4030 4152 4164 4189 4361 4436 4480 4551 4638 4647 4868 7092 
61 29 74 267 284 330 343 651 701 728 773 836 854 1042 1097 1109 1194 1293 1428 1464 1480 1568 1620 1692 1781 1845 1890 1954 2148 2168 2381 2394 2579 2753 2797 2917 3011 3025 3215 3280 3421 3493 3549 3642 3725 3738 3827 3940 3943 3947 3971 3998 4088 4116 4269 4449 4517 4564 4597 4644 4668 4837 
62 25 404 415 493 535 539 562 568 646 675 949 976 1062 1269 1309 1363 1378 1565 1572 1596 1749 1846 1931 2384 2397 2638 2696 2721 2815 2836 2879 2883 2936 3052 3074 3149 3161 3222 3263 3284 3357 3410 3411 3544 3645 3648 3832 3895 3939 4331 4372 4379 4390 4406 4549 4562 4590 4721 4728 4731 4834 6520 
68 6 36 127 149 264 278 306 345 439 644 653 729 751 861 906 919 932 1030 1060 1155 1171 1213 1219 1256 1300 1340 1469 1728 1928 1991 2076 2123 2186 2226 2311 2389 2452 2478 2643 2665 2814 2845 2924 2932 3184 3208 3227 3267 3295 3355 3437 3536 3539 3563 3641 4150 4151 4205 4226 4278 4286 4540 4639 4812 4816 4829 5035 5139 
63 88 102 272 312 351 491 560 658 744 805 1012 1046 1089 1124 1163 1334 1371 1478 1574 1578 1605 1683 1875 2120 2158 2216 2307 2361 2374 2447 2666 2677 2839 2844 2861 2868 2898 2901 2974 3006 3032 3067 3098 3164 3324 3394 3521 3537 3579 3694 3722 3751 3836 4022 4155 4339 4348 4574 4663 4715 4778 4788 7594 
64 68 283 302 305 388 495 517 525 642 806 1013 1091 1350 1373 1431 1556 1566 1592 1619 1648 1661 1668 1754 1793 1794 1812 2008 2013 2062 2455 2492 2500 2597 2634 2679 2766 2862 2962 3054 3119 3152 3156 3163 3175 3246 3297 3329 3427 3547 3587 3617 3746 3909 3931 3988 4134 4161 4275 4316 4324 4377 4477 4507 4763 
61 17 76 79 91 146 184 409 428 533 667 734 1021 1031 1036 1064 1148 1345 1543 1550 1730 1768 1864 1874 1901 1914 1961 2018 2074 2093 2115 2529 2540 2552 2589 2720 2747 2767 2832 2904 2909 2946 3030 3104 3288 3420 3614 3795 3824 3875 4025 4106 4273 4408 4422 4443 4598 4662 4708 4739 4747 4939 
54 112 142 259 386 408 447 572 687 711 753 969 1158 1165 1419 1489 1504 1615 1722 1751 1757 1854 1993 2011 2099 2234 2303 2391 2521 2740 2774 2790 2870 2876 2933 3146 3196 3316 3323 3339 3443 3450 3619 3644 3669 3729 3954 4157 4192 4194 4292 4303 4387 4555 5267 
60 46 107 166 183 226 260 321 593 663 718 742 787 829 875 986 1071 1316 1324 1415 1506 1554 1633 1732 1810 1930 2172 2212 2426 2450 2660 2712 2750 2993 3106 3200 3203 3244 3260 3336 3402 3403 3477 3498 3523 3734 3785 4038 4117 4135 4209 4402 4440 4552 4600 4607 4611 4702 4768 4818 5224 
61 8 44 130 155 254 375 410 527 715 839 1220 1248 1298 1529 1557 1630 1669 1670 1711 1783 1784 1787 1790 1840 1888 2181 2268 2393 2506 2523 2569 2619 2659 2728 2783 2811 2820 2869 2887 3045 3073 3089 3232 3242 3348 3673 3786 3828 4015 4078 4219 4282 4445 4451 4461 4485 4566 4591 4622 4885 8380 
60 124 231 378 413 453 532 712 725 750 761 945 1009 1178 1290 1342 1357 1421 1486 1552 1741 1817 1945 1959 1997 2119 2251 2277 2308 2409 2539 2553 2594 2730 2864 2895 2908 2935 2973 2997 3033 3169 3373 3454 3533 3560 3597 3611 3637 3701 3780 3815 3839 3903 4090 4137 4146 4227 4271 4965 5015 
61 209 230 243 251 291 327 484 558 600 611 625 631 643 668 800 909 1162 1221 1244 1434 1573 1713 1925 2082 2346 2436 2451 2466 2534 2556 2771 2808 2860 2913 2920 2955 3082 3086 3113 3192 3240 3452 3462 3610 3625 3801 3819 3865 3898 3942 4027 4115 4180 4323 4367 4525 4734 4783 4809 4840 6047 
60 23 59 135 171 315 544 581 681 819 827 1018 1085 1145 1207 1226 1304 1503 1523 1779 1801 1838 2147 2228 2257 2281 2295 2296 2302 2326 2537 2736 2752 2801 2809 2816 2834 2944 3004 3046 3115 3172 3177 3193 3202 3797 3864 3866 3915 4202 4256 4290 4354 4368 4413 4510 4543 4617 4652 4743 5129 
62 24 32 119 147 163 196 344 695 797 842 885 947 963 1130 1200 1202 1440 1456 1485 1512 1663 1788 2019 2024 2073 2101 2118 2255 2320 2329 2368 2399 2414 2511 2600 2620 2647 2672 2742 2763 2873 2948 2991 2995 3019 3077 3145 3147 3660 3703 3719 3941 4122 4234 4289 4373 4473 4489 4537 4637 4785 5361 
59 21 181 234 270 361 369 455 458 620 931 1005 1047 1123 1307 1426 1432 1536 1558 1606 1856 1949 1950 1975 2065 2080 2084 2178 2422 2463 2493 2514 2547 2674 2756 2784 2795 3039 3278 3356 3389 3636 3763 3765 3853 3877 3952 3991 3992 4018 4068 4222 4283 4319 4400 4501 4632 4641 4659 4712 
60 31 269 416 503 552 591 660 739 741 863 907 936 1310 1446 1522 1623 1865 1932 1985 2106 2130 2191 2433 2468 2626 2655 2683 2729 2896 2902 2911 2925 2965 2966 3017 3053 3108 3253 3312 3444 3590 3692 3696 3733 3833 3867 3878 4102 4147 4173 4179 4238 4420 4504 4584 4682 4692 4758 4786 4957 
62 19 113 354 366 477 485 614 703 717 872 915 917 1050 1217 1265 1280 1284 1295 1563 1647 1688 1699 1734 1825 1902 1911 1963 2069 2143 2335 2376 2400 2403 2435 2473 2509 2622 2680 2905 3031 3065 3109 3472 3552 3671 3727 3747 3840 3869 3934 4066 4141 4228 4320 4322 4374 4679 4699 4707 4710 4794 5389 
60 118 161 167 253 310 313 318 469 605 616 630 772 774 810 887 912 941 988 1112 1224 1361 1459 1725 1951 2003 2163 2240 2395 2411 2442 2546 2560 2566 2648 2704 2758 2794 2903 3178 3258 3318 3570 3730 3800 3825 3885 4016 4046 4160 4211 4218 4304 4341 4415 4417 4568 4667 4732 4742 4841 
66 314 323 349 372 490 511 576 706 803 884 900 934 1034 1143 1151 1189 1301 1321 1458 1514 1639 1710 1737 1755 1791 1834 2050 2112 2170 2213 2371 2401 2406 2582 2642 2676 2775 2787 2826 2977 3084 3132 3309 3349 3393 3485 3566 3634 3661 3663 4013 4023 4034 4132 4139 4191 4353 4431 4494 4796 4802 4822 4825 4826 4831 5187 
60 60 73 80 233 235 379 468 553 563 859 975 1001 1032 1048 1111 1228 1243 1408 1492 1621 1677 1682 1695 1756 1873 1979 2068 2102 2180 2210 2339 2467 2555 2559 2570 2573 2602 2689 2738 2773 2931 3231 3268 3353 3426 3429 3448 3459 3460 3788 3845 3887 3968 3986 4039 4075 4142 4342 4359 4531 
58 61 77 117 220 334 355 363 551 692 811 889 942 1134 1135 1137 1177 1475 1483 1496 1580 1595 1665 1809 1849 1876 1884 1905 1915 2121 2152 2483 2699 2716 2743 2831 2840 2971 2976 3027 3038 3085 3103 3201 3243 3290 3385 3578 3670 3674 3677 3698 3717 3873 3894 3966 4111 4174 5120 
59 54 92 207 261 356 526 590 633 694 886 920 952 1075 1106 1180 1258 1394 1397 1425 1576 1678 1701 1719 1870 1889 2058 2183 2193 2315 2318 2349 2502 2654 2658 2664 2914 2927 2984 3059 3130 3220 3224 3241 3524 3534 3595 3627 3922 4124 4300 4318 4329 4426 4619 4645 4666 4807 4936 7882 
60 53 84 139 537 577 617 628 632 690 801 855 880 896 1070 1079 1282 1296 1335 1420 1625 1634 1766 1778 1830 1913 1920 1929 1934 1941 2144 2250 2262 2520 2603 2692 2817 2852 3055 3064 3173 3211 3271 3476 3509 3606 3896 3989 4187 4249 4299 4403 4430 4437 4518 4546 4559 4691 4711 4751 4819 
62 198 242 381 479 661 672 713 841 869 950 974 1211 1245 1291 1513 1525 1586 1638 1646 1689 1712 1827 2017 2023 2034 2052 2054 2061 2141 2157 2162 2388 2461 2640 2707 2822 2842 2907 3015 3050 3151 3188 3194 3238 3475 3810 3813 3926 3987 4041 4048 4127 4183 4207 4223 4233 4268 4391 4395 4401 4854 8376 
67 40 100 172 175 359 445 510 541 569 609 894 972 1101 1136 1210 1261 1395 1477 1535 1569 1702 1912 1944 1998 2007 2051 2117 2283 2328 2357 2364 2425 2536 2593 2598 2695 2713 2804 2837 2881 2945 3048 3287 3333 3351 3413 3572 3586 3596 3624 3779 3945 3960 4002 4128 4149 4279 4314 4434 4528 4578 4714 4723 4797 4800 4808 4842 
63 128 164 218 244 245 274 297 389 437 565 615 676 911 1026 1288 1317 1462 1499 1538 1657 1742 1811 1863 1910 2004 2037 2089 2131 2149 2190 2299 2373 2429 2459 2460 2487 2595 2789 2827 2906 2949 3043 3298 3600 3672 3761 3807 3820 3859 3937 3974 3982 4021 4165 4198 4330 4482 4521 4569 4610 4624 4654 5002 
62 12 277 287 294 301 336 521 786 813 816 1061 1082 1120 1139 1144 1268 1391 1460 1470 1593 1694 1767 1855 1891 2146 2169 2188 2206 2236 2525 2572 2601 2623 2631 2746 2882 2885 3013 3056 3167 3207 3279 3306 3338 3446 3467 3548 3639 3662 3695 3710 3758 3822 3850 3872 3893 4000 4060 4259 4298 4832 6103 
65 39 85 170 460 594 684 714 765 899 1002 1063 1152 1251 1308 1386 1445 1637 1763 1786 1816 1824 1895 1937 1943 1983 2208 2420 2441 2488 2510 2528 2533 2571 2726 2769 2874 2889 2912 2961 2982 3010 3185 3195 3328 3559 3657 3723 3731 3742 3905 3907 4114 4148 4186 4188 4201 4239 4251 4456 4631 4665 4703 4724 4738 4887 
59 3 49 65 123 255 325 454 536 592 779 853 874 966 1044 1449 1500 1603 1645 1684 1750 1885 1936 2036 2091 2103 2164 2298 2337 2352 2375 2456 2518 2567 2748 2919 2964 3022 3212 3285 3291 3354 3364 3480 3486 3528 3771 3776 3924 4012 4057 4170 4229 4363 4399 4457 4475 4658 4923 8392 
59 13 69 106 134 221 403 463 579 587 621 877 914 1003 1057 1181 1185 1192 1235 1267 1313 1332 1355 1548 1591 1659 1851 1881 1897 2077 2142 2242 2260 2348 2477 2805 2825 2829 2854 2877 2950 2954 2968 3129 3236 3508 3621 3635 3679 3792 3821 3881 4017 4074 4156 4263 4293 4621 4704 5676 
62 193 205 431 436 451 555 689 804 858 908 998 1043 1167 1233 1439 1491 1501 1519 1571 1617 1698 1802 1927 1969 1974 2267 2365 2378 2413 2489 2563 2821 2880 2967 3044 3069 3070 3133 3153 3248 3269 3321 3370 3490 3638 3655 3686 3754 3790 3851 3861 4129 4196 4321 4335 4424 4515 4612 4784 4804 4901 5577 
60 151 224 289 373 398 507 571 589 685 732 771 1150 1157 1174 1385 1413 1457 1520 1551 1570 1651 1672 1771 1805 1909 1970 2014 2044 2230 2244 2280 2317 2327 2527 2662 2782 2791 2807 2928 2998 3182 3245 3359 3378 3488 3558 3629 3741 3775 3847 4080 4094 4250 4262 4276 4362 4455 4522 4810 5010 
60 109 229 357 394 395 546 585 595 647 809 835 868 901 902 979 1051 1081 1276 1409 1450 1562 1616 1715 1831 1839 2045 2116 2161 2273 2379 2404 2649 2888 2921 2963 3007 3264 3286 3301 3381 3390 3557 3582 3588 3605 3658 3764 3846 4001 4031 4138 4382 4524 4583 4596 4643 4656 4700 4735 7124 
60 22 81 190 227 346 358 452 483 613 626 893 924 1065 1116 1160 1388 1411 1618 1716 1746 1862 1871 1879 1894 1946 1967 1986 2140 2171 2211 2221 2319 2362 2432 2496 2813 2841 2853 3023 3061 3093 3221 3363 3372 3391 3392 3466 3594 3811 3910 3965 4118 4120 4244 4351 4526 4534 4538 4672 4766 
66 58 152 250 258 340 387 475 480 494 664 785 825 878 903 930 1008 1055 1170 1286 1442 1508 1850 1978 2134 2351 2377 2424 2437 2458 2476 2479 2501 2588 2641 2848 2969 3034 3091 3125 3170 3214 3225 3347 3458 3591 3608 3668 3735 3740 3744 3886 3963 4005 4081 4185 4334 4405 4452 4471 4472 4508 4514 4570 4575 4642 4896 
61 20 63 158 177 211 257 467 505 573 679 700 775 781 891 927 955 991 1076 1410 1466 1488 1533 1597 1726 1743 1919 1921 2005 2086 2153 2207 2237 2359 2360 2427 2474 2512 2599 2923 3160 3439 3518 3601 3613 3665 3684 3691 3748 3829 3883 3977 4459 4462 4500 4599 4614 4615 4649 4759 4769 4830 
59 42 236 246 380 392 432 492 596 624 708 866 898 978 1114 1191 1346 1348 1368 1387 1561 1643 1676 1808 1823 2028 2079 2214 2276 2480 2629 2838 2863 2975 3060 3114 3179 3209 3216 3247 3401 3514 3555 3556 3616 3688 3918 3993 3994 3997 4054 4072 4158 4421 4450 4454 4495 4677 4771 4884 
56 136 154 157 210 298 481 549 673 735 865 925 946 996 1019 1367 1376 1384 1511 1588 1681 1705 1729 2002 2039 2072 2088 2340 2341 2657 2770 2781 2856 2952 3218 3273 3365 3468 3473 3504 3525 3585 3656 3712 3718 3787 3904 4006 4212 4294 4364 4381 4386 4465 4608 4929 9844 
57 30 87 385 598 601 634 670 671 678 757 767 814 820 1037 1093 1146 1222 1375 1635 1744 1908 1953 1988 2100 2114 2159 2199 2271 2282 2495 2548 2650 2684 2685 2693 2701 2812 2859 2922 2937 3051 3078 3083 3139 3447 3451 3471 3474 3513 3654 3969 3970 3995 4257 4264 4274 4999 
64 7 28 173 185 187 273 281 473 542 662 688 784 832 870 876 987 1023 1024 1099 1182 1299 1484 1524 1579 1693 1765 1775 1803 1971 1973 2026 2209 2215 2243 2354 2470 2568 2590 2651 2690 3000 3016 3235 3255 3304 3527 3545 3649 3716 4029 4131 4190 4206 4208 4213 4347 4442 4535 4670 4737 4757 4764 5045 5317 
61 144 208 214 335 423 426 599 640 758 1105 1140 1223 1257 1401 1448 1454 1590 1653 1815 1957 2137 2196 2252 2396 2464 2522 2535 2542 2625 2632 2942 2983 3002 3282 3409 3441 3478 3516 3561 3568 3584 3685 3762 3769 3809 3835 3843 3914 4082 4177 4241 4254 4295 4306 4315 4378 4512 4626 4730 5060 7577 
65 104 131 162 296 342 360 396 412 513 519 856 871 882 1169 1339 1527 1583 1599 1727 1776 1797 1814 1819 1844 1878 1952 2031 2071 2203 2309 2481 2578 2614 2652 2788 2793 2939 3014 3111 3122 3166 3183 3315 3352 3387 3436 3484 3607 3782 3842 3871 3876 3890 3908 3950 4092 4200 4327 4388 4492 4560 4745 4752 5164 7137 
62 14 237 295 391 399 448 474 530 637 755 766 794 812 1010 1014 1073 1118 1198 1311 1349 1461 1549 1789 1813 1852 1860 1899 2198 2205 2301 2336 2516 2755 3299 3337 3350 3571 3580 3697 3753 3798 3857 3951 3996 4024 4085 4097 4110 4136 4214 4280 4312 4340 4418 4582 4616 4627 4653 4749 4755 4792 4801 
60 5 57 159 201 247 465 514 547 575 740 852 1049 1272 1328 1392 1416 1441 1584 1600 1612 1649 1761 1762 1843 1883 2179 2195 2224 2231 2247 2306 2550 2575 2587 2615 2661 2929 3302 3431 3482 3573 3721 3791 3933 4004 4065 4086 4098 4253 4288 4365 4383 4618 4651 4680 4718 4777 4798 4848 4904 
57 116 120 169 262 309 331 424 427 444 499 545 817 830 831 879 965 1039 1195 1238 1326 1352 1393 1526 1541 1772 2182 2256 2261 2279 2457 2583 2800 2803 2866 2958 2980 3029 3058 3217 3412 3424 3494 3541 3678 3681 3745 3768 3774 3949 3980 4033 4035 4357 4360 4429 4474 4502 
58 94 141 200 268 352 365 516 864 929 937 993 997 1164 1183 1187 1271 1281 1602 1610 1656 1818 1835 2122 2184 2200 2387 2445 2617 2709 2785 2806 2872 2934 2986 3037 3040 3063 3092 3237 3343 3502 3884 4009 4010 4037 4044 4119 4130 4195 4307 4310 4392 4481 4533 4576 4585 4605 5169 
58 67 160 288 311 348 382 604 724 780 798 815 873 1011 1077 1186 1315 1398 1482 1521 1704 1828 1866 1996 2020 2049 2323 2494 2503 2561 2581 2646 2741 2765 3036 3155 3213 3265 3314 3317 3326 3434 3505 3626 3752 3816 4076 4100 4103 4104 4243 4336 4488 4497 4498 4506 4556 4866 5780 
63 133 332 333 377 496 641 665 716 721 783 890 953 973 1119 1403 1405 1447 1452 1481 1654 1690 1723 1752 1796 1822 1836 2001 2047 2053 2098 2155 2174 2284 2292 2321 2505 2611 2762 2776 2875 3018 3168 3331 3332 3358 3449 3463 3750 3756 3789 3928 3932 3958 4109 4216 4284 4313 4369 4511 4541 4594 4684 5313 
59 27 240 292 303 405 425 512 543 746 845 848 939 964 982 999 1087 1138 1208 1306 1320 1479 1516 1544 1564 1622 1733 1774 1826 1947 1989 2081 2383 2408 2554 2557 2639 3094 3135 3219 3300 3307 3640 3772 3781 3979 4181 4270 4317 4328 4389 4548 4587 4674 4733 4781 4813 4823 4844 5188 
57 35 202 249 328 353 441 597 656 759 867 968 994 1129 1131 1159 1407 1463 1636 1673 1977 2107 2165 2220 2415 2440 2538 2592 2610 2691 2737 2751 2778 2796 2843 2959 3021 3110 3204 3261 3277 3334 3344 3397 3440 3565 3646 3676 3802 3830 3972 4345 4349 4565 4709 4746 4852 5250 
61 33 34 52 97 285 322 438 518 554 564 737 944 971 1000 1025 1066 1088 1096 1102 1184 1227 1505 1680 1720 1759 1821 1848 1898 2109 2139 2225 2249 2258 2372 2482 2517 2667 2759 2768 2846 2957 3001 3049 3270 3371 3430 3442 3551 3576 3632 3633 3912 4026 4045 4217 4297 4404 4446 4516 4519 4690 
56 47 179 213 223 232 307 384 578 770 778 808 933 954 1041 1125 1179 1199 1422 1567 1581 1662 1675 1738 1795 1938 1994 2090 2288 2449 2668 2818 3009 3144 3181 3199 3327 3330 3432 3492 3760 3777 3793 3826 3855 3863 3880 3889 4143 4287 4409 4425 4536 4572 4606 4635 4782 
56 215 300 317 450 482 509 720 764 910 967 970 1204 1225 1232 1360 1370 1404 1474 1545 1589 1832 1857 1926 1982 2063 2173 2275 2591 2682 2749 2849 2979 3068 3087 3096 3131 3187 3396 3583 3620 3897 3938 4231 4248 4398 4458 4483 4580 4693 4726 4774 4789 4803 4805 4817 4991 
61 62 217 347 367 371 550 584 754 834 849 961 1016 1100 1113 1168 1236 1259 1347 1354 1369 1379 1400 1626 1718 1799 1833 1859 2066 2263 2486 2544 2558 2636 2989 3057 3116 3134 3205 3254 3345 3361 3404 3465 3495 3593 3709 3794 3927 4095 4197 4224 4428 4532 4558 4588 4686 4716 4753 4799 5024 5885 
58 376 538 556 607 686 710 722 940 984 1035 1216 1336 1343 1624 1735 1780 1807 1976 2133 2177 2232 2248 2332 2386 2491 2504 2549 2574 2633 2711 2733 2757 2760 2833 2857 3075 3080 3138 3140 3171 3416 3506 3538 3623 3700 3714 3838 3854 3860 3923 3973 4007 4265 4384 4503 4547 4609 4860 
60 9 111 165 194 324 402 520 731 748 957 1020 1322 1344 1351 1382 1473 1611 1632 1667 1685 1747 1773 2015 2083 2097 2145 2253 2266 2313 2355 2453 2532 2609 2671 2702 2940 3005 3088 3136 3228 3375 3456 3564 3603 3604 3618 3759 3916 3955 4042 4055 4073 4261 4333 4338 4393 4423 4466 4678 4833 
66 78 266 338 418 430 487 638 702 705 736 738 881 905 938 1092 1252 1279 1427 1587 1820 1900 2042 2138 2151 2202 2233 2245 2446 2576 2584 2706 2886 2987 3003 3041 3076 3158 3159 3313 3398 3423 3531 3550 3612 3651 3682 3693 3711 3814 3868 3906 3913 3948 4067 4069 4112 4221 4245 4305 4325 4410 4464 4513 4545 4748 5067 
62 110 180 195 320 383 406 522 548 618 645 674 730 795 1067 1154 1262 1274 1287 1337 1433 1465 1532 1709 1748 1777 1847 1867 2064 2136 2238 2246 2269 2316 2421 2444 2613 2673 2824 2943 2985 3024 3026 3294 3382 3386 3422 3535 3643 3713 3755 3803 3978 4028 4059 4083 4246 4630 4790 4811 4820 4828 4836 
67 38 125 263 435 540 557 582 683 693 791 824 840 892 913 1015 1241 1305 1364 1414 1430 1493 1686 1700 1760 1769 1804 1942 1948 2033 2040 2096 2176 2204 2465 2497 2551 2697 2972 2981 2988 3047 3072 3105 3126 3142 3223 3377 3388 3408 3784 3935 3964 3990 4036 4154 4176 4343 4371 4419 4496 4544 4550 4636 4664 4687 4713 4750 
56 15 71 199 293 407 488 523 627 828 851 921 990 1033 1058 1127 1206 1302 1418 1444 1507 1641 2127 2222 2259 2322 2333 2342 2347 2498 2508 2951 3071 3081 3143 3189 3346 3433 3464 3589 3705 3870 3961 3962 4052 4101 4140 4193 4203 4620 4661 4676 4685 4689 4814 4838 6591 
66 101 105 238 304 459 470 654 680 823 862 923 1205 1209 1242 1314 1331 1362 1377 1515 1542 1644 1664 1842 1968 2125 2192 2197 2272 2278 2380 2443 2545 2612 2663 2799 2855 3117 3123 3251 3272 3281 3540 3628 3630 3704 3732 3739 3749 3783 3899 3936 3976 4056 4091 4105 4159 4411 4467 4561 4581 4705 4773 4806 4821 4861 6420 
56 1 16 189 191 275 368 464 769 796 847 935 1029 1319 1380 1468 1476 1559 1697 1703 1731 1837 1886 1955 2000 2006 2108 2166 2254 2265 2294 2297 2485 2635 2739 2900 3128 3162 3405 3414 3569 3834 3888 3919 3920 3946 3956 3985 4175 4215 4432 4476 4527 4592 4655 4795 5033 
62 95 115 132 186 206 440 588 659 698 822 846 1110 1149 1190 1264 1292 1389 1467 1517 1609 1658 1798 1987 2027 2029 2105 2154 2218 2223 2229 2334 2390 2402 2562 2653 2675 2694 2725 2810 2867 2891 2938 2990 3012 3197 3296 3368 3417 3428 3520 3706 3812 4113 4172 4407 4453 4487 4493 4529 4553 4563 4604 
60 93 99 138 188 290 515 648 726 752 768 922 1017 1056 1090 1094 1108 1325 1330 1353 1437 1601 1674 1708 1939 1940 1980 2135 2270 2356 2363 2418 2438 2585 2772 2956 2978 2992 2999 3042 3120 3190 3191 3274 3320 3340 3376 3522 3804 3862 3975 4061 4220 4236 4370 4478 4593 4602 4681 4787 5147 
61 64 82 90 362 374 498 531 691 719 762 763 895 897 960 983 1007 1214 1381 1598 1660 1877 1903 1922 2075 2187 2219 2235 2325 2385 2398 2412 2851 2894 3099 3266 3293 3335 3419 3470 3491 3515 3553 3567 3598 3689 3900 3944 4126 4153 4260 4281 4358 4394 4484 4640 4754 4756 4772 4846 4917 5304 
