29 8033 3240 4671 8781 4327 5182 1236 1750 3619 9853 5523 1668 7334 2262 8482 9902 5565 3046 1649 9386 2628 3593 3022 3084 7152 575 467 7997 2007 
29 3190 5535 5241 8027 659 3405 3118 9184 7369 8528 565 4130 76 9490 6182 7378 8133 3088 6691 8380 9468 9061 6335 7342 2709 9894 3057 2968 6627 
31 8103 5771 8919 4535 8906 7144 1547 6686 9133 576 8617 8943 39 2998 8038 2424 6998 8972 9596 7585 8199 9005 6043 8923 6694 7048 6916 1765 3758 9555 4539 
29 1788 2890 6890 273 5574 3851 8968 674 3724 8477 4281 4019 4713 9024 8942 3886 6384 8960 7932 8171 9239 6803 6645 9623 8032 2834 5712 4897 2956 
26 2635 9284 6897 3302 3932 5797 8594 6752 5253 2513 3490 609 8871 8475 2315 52 6336 5444 4333 162 4036 4038 2510 8731 7903 5562 
30 1434 6603 7031 2858 4186 294 8375 1344 4377 6436 135 3603 8413 3284 7712 2730 492 5154 8643 3976 3935 3624 7905 7224 4039 6086 453 8792 5698 3386 
33 6130 5939 5967 5997 229 309 7721 7087 3170 1174 252 7135 1742 6352 6406 2220 8362 8713 6204 1848 2886 6967 4604 8580 3230 614 4993 5764 3311 1607 7841 9873 7690 
27 2870 4078 7006 4568 6699 8261 9454 6379 2918 3711 4306 4857 301 1948 2010 9668 958 7829 1190 6558 3787 3655 2197 9698 9765 5717 697 
28 8946 2297 26 4917 8074 4286 5867 3669 117 8235 974 5297 5281 5438 8066 8762 6282 2419 4451 4142 6089 8456 3559 7154 5725 7991 8918 7649 
29 7318 993 7642 9913 4769 9079 4278 6553 1301 6069 7824 334 8248 9008 9002 6692 4756 1918 2564 4118 9567 5697 1334 890 5932 3141 3014 4947 2791 
28 4891 8128 8927 8851 8699 1515 5229 3667 2450 4545 9885 4293 7873 6646 5581 7656 7200 4946 5060 4301 6700 8354 1497 2360 2862 2067 4775 8395 
28 4115 1191 6214 8297 4006 2037 9273 2218 1243 5105 3069 5314 3146 7007 2682 4371 7310 1173 4438 3885 4786 3591 2905 5286 235 5549 3697 5007 
27 5604 8710 5247 4910 1276 2644 6236 4520 1526 8222 3721 3449 9792 831 214 4970 7823 8367 1043 1394 1355 7892 7019 1576 240 2268 1185 
30 3060 8504 5984 5721 3410 2343 6242 1340 8377 5704 3546 6434 92 2645 8341 1535 407 9998 4572 3445 776 5623 7454 5518 2294 651 8100 1801 7533 63 
26 2234 27 7475 1835 2147 4730 1222 3625 7916 3487 1329 1988 8536 5198 3269 9796 8843 268 4987 5165 7140 7354 172 2441 3038 9527 
25 5260 1048 9826 1205 9286 8162 3332 1203 9986 3637 4383 2316 673 1894 4549 8336 4861 5087 6923 1953 3578 5515 9285 9422 6955 
30 4467 7545 6461 1140 40 9772 3881 2242 380 9994 5293 4204 5279 8659 1847 7363 8129 9077 2246 5194 2347 6926 7666 9953 3196 1464 870 4707 202 6065 
31 3117 1130 7496 350 9606 5448 5783 5125 6919 2303 1431 7407 9793 2720 8826 6253 7035 7615 4125 8034 100 6839 279 4536 6517 7524 8994 882 2291 3857 4331 
33 3448 6845 4107 1425 2005 9702 7180 1293 3079 2744 141 6847 7536 9012 4818 4873 4906 683 8124 9564 7438 6343 6964 1116 7819 8101 9433 4510 3588 6503 9438 3769 3555 
26 9581 929 6720 8592 1756 3266 174 9415 5802 9203 2055 7345 3834 5306 8109 4072 6792 672 3658 9608 1714 9099 4257 1990 9154 6479 
31 8044 395 552 6463 9052 4248 1076 1373 8001 1897 1269 8147 4869 6213 6208 6743 4538 193 1781 481 8947 5164 7389 9193 1686 4961 3148 1255 1184 7568 3708 
27 2772 9662 7380 2244 1241 1264 8328 9848 6562 9733 7847 7935 394 1905 3495 4027 9624 6939 6232 6383 8738 2796 6828 1486 3074 9827 8694 
26 333 7633 6330 328 1417 9504 9753 2039 3683 7450 384 6948 5073 7276 4424 222 1450 1748 9114 7490 1947 4973 8880 7801 4585 6405 
26 7132 5941 2715 7650 8368 9546 4938 9883 8894 9412 9092 249 3801 8780 505 2899 7684 6004 7933 7619 978 5870 3308 4268 4111 1651 
31 8598 7609 4794 2524 4151 3455 9147 216 5639 2403 8877 997 7941 3695 3393 6591 6545 418 5001 1584 1806 1400 827 1699 8382 11 5728 9143 2828 9431 1363 
33 6570 8579 3025 8205 6888 5669 3954 6322 2106 9571 7338 3156 7670 6856 3298 3819 2675 5379 8550 9893 7292 7027 3428 3140 7818 351 1930 7616 1762 5780 9697 4625 2451 
29 5588 1348 8073 5127 9899 7249 8746 5228 2136 4640 431 8122 7863 6460 6174 2114 6220 1537 7143 8156 4357 6087 8705 9649 8393 2962 3649 5928 5240 
30 7851 2146 2263 3953 949 3997 6361 8274 5935 7876 6707 5249 8938 3132 2546 5956 8217 1656 772 3282 5871 2553 3848 8567 4615 3355 2999 2444 4063 8636 
28 2368 3815 6980 8166 1964 5308 3318 6299 7278 5401 1692 2100 1128 7919 6398 6075 1673 7994 8429 2192 4668 4242 2376 7125 5787 3072 5915 8805 
27 820 5952 3694 3442 5949 2738 689 6800 4223 4428 9278 9367 2171 2032 2312 9551 535 9142 3823 1966 8838 8520 7280 8893 5859 9403 8670 
24 3516 688 3169 4507 779 2036 7412 3520 1354 4262 7802 8666 7663 6147 4240 7314 9269 7266 1155 349 8363 8559 696 1212 
28 6507 2636 3171 3765 1890 6912 1414 9898 5312 6572 7614 8889 430 8422 3458 8242 4738 1955 424 4253 8557 9101 7287 464 5937 9615 119 8618 
27 9475 1386 9740 3991 8282 5940 919 4942 3871 7046 51 6693 1919 805 7882 5487 2229 8817 4554 2605 9086 3542 9170 3859 7050 1010 4881 
27 6428 7606 563 3380 6618 5580 4387 177 290 991 3194 1698 3251 2759 2251 8926 5295 646 1087 4928 1979 4324 9813 892 8225 2016 9784 
28 2603 1660 9992 968 6748 9621 2841 1612 3513 5911 3481 4579 6354 5497 4090 157 623 4328 8425 801 5078 8806 206 5091 2703 4699 3188 3504 
29 78 6488 6600 6635 9754 3139 3731 8737 7960 7390 1118 8330 5282 8149 639 9326 8276 5236 4389 9749 7627 3691 217 8742 9766 852 1150 1778 9941 
27 3491 5383 4951 2012 8234 9489 6007 2027 4247 5070 2943 1935 198 5114 3418 6724 3638 8086 4854 7814 7736 5341 4450 262 8146 2400 6625 
29 3766 2830 5608 227 2573 4976 6753 1229 3783 3934 4900 161 6651 8722 1719 903 6946 2662 2543 921 9550 9450 1878 9277 6867 1105 8092 1345 2894 
29 2922 8184 6671 3575 2482 7367 4156 4053 4514 3429 409 6697 3982 7989 1553 7069 131 9169 1623 5733 1949 4427 3627 1877 860 6495 2031 1367 7348 
33 3660 9890 352 656 7309 6150 7603 504 9955 8553 5772 9308 9634 3892 1402 2790 8864 7233 5971 5479 4094 4010 5061 6641 4772 3676 8836 1449 439 9444 6264 3048 960 
30 6638 8472 9166 5237 5895 4715 1178 7022 4828 1802 8904 7709 2725 223 2981 5646 8764 2379 3248 8312 4308 2438 4426 7523 7970 7156 7938 6974 3006 722 
30 2440 3425 5195 6516 6816 9407 5506 2846 7190 2547 642 9249 6728 6601 1636 4623 1654 8921 807 3395 1513 7182 543 3498 374 8117 7804 4235 6088 7796 
30 2446 8172 8346 5886 3005 6410 6966 8754 7526 2021 7374 7472 1564 5442 4583 5006 4414 8051 6714 595 7832 2898 4781 8102 8690 442 7413 7843 7294 977 
33 7833 9194 7720 3119 9506 5553 3396 1631 5224 1151 5396 1194 6630 1545 5687 6773 8332 3377 2372 7212 8497 2333 9345 6054 7098 6468 1041 8157 2612 8527 5466 5667 2668 
31 2822 9960 7793 3339 6117 5005 163 3091 6215 2142 1532 4158 5659 2120 8691 4215 1866 1272 5631 5572 3666 8612 7920 5753 9819 1337 8554 6377 2041 362 5193 
30 306 1539 6765 4455 8714 678 132 1342 1121 5355 257 5440 778 9081 3807 6624 633 4191 2420 1757 8767 8600 1529 7101 1995 5629 205 9971 4685 9932 
28 8595 5837 5206 3987 8237 5671 3858 9660 8309 6914 9952 2495 2235 7005 4365 6930 3814 8158 2625 8452 5089 1586 4255 1115 7677 8978 8819 6632 
26 7136 9360 6319 1556 7060 9956 6485 393 9798 8211 4124 9862 7300 1352 6175 5652 5899 9758 122 2081 5339 3977 8302 6818 9991 2630 
22 7678 5262 5069 9811 3122 6703 9954 4726 9839 5768 3771 9207 669 1469 8087 1780 7762 2361 4283 1583 6673 969 
28 4768 5798 4390 4169 4824 1024 2746 4694 3299 5821 5121 7037 2643 4547 5259 3609 8288 3884 8444 9644 5979 7686 459 4287 5633 5161 2504 7414 
26 1512 9131 5333 721 3703 5670 8042 8511 7816 8616 8686 4633 5443 2798 7425 6528 97 1569 3980 4999 889 5344 6028 9866 7165 9204 
31 9058 3756 9243 702 7449 1758 7952 4627 385 4672 1797 9842 7188 2397 1489 6716 210 2970 2695 1763 7225 5708 8662 7170 6831 5649 7977 1470 6447 8387 7134 
26 8669 3027 1442 7430 5693 7891 4724 1032 7473 6238 2033 1774 9609 9387 5498 7283 9401 3397 242 9205 2025 3450 9134 9613 1851 7756 
29 9435 3704 2954 7529 3126 1562 9989 883 1127 1326 8944 7466 7706 7370 4410 4288 30 7307 3409 2292 5038 5605 6605 9206 5445 2638 6305 7474 9860 
32 5254 804 5492 1822 9076 879 8913 8920 1602 5183 5781 5964 5834 3543 8334 9217 7058 982 7159 4610 4812 6527 5977 6736 7971 3070 9167 1834 8987 166 7921 4747 
27 9413 957 6610 7331 3845 6519 5084 323 1647 8813 5830 9389 6706 7763 1050 985 2259 6064 9132 3699 3478 7647 4702 4872 6821 3159 9556 
30 389 9440 5475 3659 2767 4386 8281 8111 106 5900 4243 2610 8352 1885 8338 6072 6226 3204 8626 8098 3924 317 4505 8902 8981 4384 8353 5635 8909 4644 
31 9738 3693 4238 2399 4607 5713 7016 5138 250 800 2624 1317 9375 7423 1880 8345 8255 7779 4838 5199 4482 9162 1803 7226 2180 3002 9291 3988 9113 2957 5208 
28 4052 8948 16 1197 6504 3573 2470 4931 2595 3277 5766 6908 4829 5214 2432 1117 3928 4609 3245 6297 7391 3995 8510 8043 6506 7008 9838 7207 
29 7426 6557 3247 8492 1148 4909 5829 9864 9393 8723 4163 868 8350 3303 7924 1496 494 5651 463 4972 2932 9605 9063 3224 6077 4798 6159 2249 9958 
30 42 281 7014 9095 2912 930 2838 8848 2457 2011 5292 5894 2761 1458 1070 7102 3939 9427 3890 8397 8570 3338 8411 4848 3688 737 5805 6442 8180 1766 
29 7828 9447 1113 906 6566 5424 9781 5278 1039 8677 4696 3629 9455 5202 3978 3599 6403 17 5103 3475 1478 8449 1900 6478 79 9927 8060 518 5723 
28 175 7030 9075 8049 9484 8701 3847 6859 3558 8638 9548 9332 8989 8842 3514 3343 5958 4321 3261 3621 4982 3862 2374 3424 2211 7741 8317 7215 
29 1179 6791 7011 2570 3744 4788 9533 22 7483 2009 332 4140 2887 9287 799 48 1382 335 2988 9083 1343 3933 1018 4008 616 1270 4923 9882 3810 
30 8698 1896 3681 7922 8273 5945 3242 1368 3745 8588 7097 8859 4344 9007 6129 838 7491 4488 6353 5340 9846 9125 723 7139 8084 4367 9828 368 8216 4678 
30 8980 6227 8366 4068 3867 9592 1217 435 1193 3254 5508 5647 7531 1920 189 539 3723 1122 4106 9922 9711 2934 2824 9865 5882 9778 7729 6390 7907 7234 
30 9215 625 2793 2604 8130 1257 8756 6446 5457 3777 3565 4440 4266 2092 7612 7346 2060 2631 5242 5816 3822 6270 3966 9496 3239 5092 1991 4956 7947 6491 
27 3831 724 8386 6363 1421 8884 941 3587 6312 5763 1419 9964 7308 5135 6611 4893 9981 7433 4206 7311 2529 4721 2559 7192 1079 3957 6480 
30 8854 3179 6265 6416 3811 6869 4567 1898 266 3648 5175 4565 5332 9845 1137 6350 4800 7881 1931 7732 2172 8202 5709 8706 6 6324 1958 8077 5507 2134 
27 3042 6770 2785 4937 6032 3275 8933 8517 2960 8318 1460 9628 9279 6414 3370 7889 4860 4879 1510 1528 2196 1202 4176 2264 5526 7697 1635 
33 6198 4077 816 8654 477 6922 4082 1677 7840 8541 6233 2260 2826 1003 3974 9923 2540 3657 5590 5672 4372 9801 9088 4208 5933 2856 3135 1281 6013 4197 8941 2936 9418 
27 187 9392 4581 3533 7358 663 1760 7988 6186 7024 391 9029 7340 428 1068 4819 8196 8271 6381 9265 7092 2328 399 7107 2493 6279 6051 
27 1769 9942 4480 2633 7980 8285 4358 8423 670 9067 5852 7682 4839 6009 1950 7635 5799 1729 3965 2073 5221 4270 4369 3406 4698 5021 2587 
28 835 6669 3534 5461 2168 8697 8651 7777 107 1895 204 4833 753 3846 5869 9672 9390 2185 5982 6494 2733 6165 1078 607 5812 8660 8784 283 
28 8544 8372 6796 6168 5244 3186 9229 6747 3480 8150 886 2188 9250 8329 9729 9683 1611 3615 847 9137 7 9472 876 3841 509 9347 1559 4771 
29 4466 286 1818 6493 1675 1961 4703 5742 2538 1749 8191 7247 2903 7557 8578 5037 5212 326 1733 935 6194 3032 316 4042 6181 1615 4526 9404 4576 
28 9488 1925 5908 7699 4716 5348 9182 8316 6872 4443 7213 2066 213 4434 6400 5931 7095 9638 5814 9657 826 455 3547 8830 8272 6435 764 4171 
33 13 2198 6597 6030 1250 8564 9477 80 5496 4272 9089 1405 9309 5230 5775 2889 5098 3327 7476 6469 3365 129 1617 7204 8905 5305 4905 2866 7951 2789 561 6546 7688 
30 6975 596 528 5153 8547 1053 158 3019 6359 4521 1218 6357 2891 7560 858 9411 6170 1161 6505 5788 5328 5250 4265 1626 5032 3583 1672 2431 4419 5921 
28 3216 3181 1816 6092 627 4096 8634 1657 1519 1215 4892 3415 7104 713 6540 3073 5806 4648 4653 8161 8212 293 8852 7644 730 5845 9643 7021 
24 2139 750 5528 5516 4005 2167 4487 4799 7671 7906 4379 1929 4312 2714 8310 7040 2723 4508 3521 9508 3351 2915 7718 9138 
32 7653 2648 8227 68 9150 2401 5478 1593 7561 6978 9531 5055 5329 2502 6429 3028 1530 9122 6466 2128 1710 7550 7599 3739 5019 1546 3045 20 7968 9463 869 7260 
26 7735 726 1779 7985 8072 5610 7065 5861 7268 1548 527 2842 4748 4761 6846 7836 4359 3550 9656 4816 1843 3998 9065 8343 2925 2388 
27 2921 7175 1924 5815 5181 1239 4395 9289 9442 8391 7122 4515 5847 2671 9547 7778 834 705 8113 8735 4729 1951 2257 3041 3840 1738 8114 
28 9351 4066 1704 2305 7986 1913 5744 3479 8488 4457 1693 7727 4582 5219 1418 5268 3805 5431 7211 5888 6917 2434 1375 2514 5256 1211 6598 1911 
31 4172 3492 4543 4091 7516 7485 8320 365 8463 943 1980 7875 7275 9855 2944 5727 2015 6861 6965 1941 8303 7825 5992 4449 3426 8779 12 1550 3106 2565 4916 
27 7205 2086 747 3462 2141 3412 3225 7379 200 3280 7771 2382 832 7431 5943 6991 5688 8997 9521 9519 8104 5660 218 6654 9071 7885 6787 
34 5266 9211 2996 6879 6871 8540 7845 3346 3272 8718 5223 3780 6268 5906 4047 9057 4599 5840 5786 611 1887 6725 2490 3000 9843 767 3586 5009 5864 6709 9023 3467 6269 537 
29 9155 4766 9732 2555 9322 2519 8257 319 2574 4004 6609 8347 7282 4601 1029 6448 4113 7898 7206 7357 46 28 9840 9301 6784 3653 7764 1690 2494 
27 6340 3075 5149 4802 8872 2144 2359 964 8249 5570 8067 67 7949 4180 1353 2508 8702 1625 6140 4725 9298 6241 4907 8749 1428 7371 224 
27 4398 6683 7173 9129 8615 9302 6167 4185 6296 6185 9979 7157 7860 5191 6396 2839 8671 3029 8069 4563 4267 3510 9900 7166 4913 9829 1503 
26 5634 3827 3460 3306 2906 2279 6036 2797 87 7651 8214 7009 4823 7025 5519 6977 6938 2045 9432 5892 1859 6593 8535 8533 5285 5365 
26 577 5326 5846 2512 5483 9139 593 5522 3541 7117 2175 465 3330 292 4743 278 2485 4596 9144 7685 315 2177 4407 8164 3645 7471 
31 4611 159 4067 4123 167 3528 7880 9990 1872 7525 7830 7242 178 9344 1054 6521 1336 1523 3916 5283 1703 2421 5358 7486 3237 1943 2572 574 6320 5561 9604 
26 3636 152 8543 5668 5423 9467 2409 2562 2835 9502 1261 6741 9424 9513 5393 5468 829 1945 1362 7799 6981 3717 3289 3403 2719 6202 
25 7782 3209 2649 5387 4252 184 4083 7661 4497 7072 1401 1783 6146 2164 6682 3097 346 8287 9977 8777 2203 5548 9687 6371 8629 
24 3155 9742 4397 8977 1614 2352 5682 1725 8760 2539 3321 9996 8759 5755 2806 9174 176 9493 5765 7306 2311 390 1313 2783 
27 2600 9814 6347 336 5115 2339 6304 1917 261 6385 1861 644 3975 7321 9421 86 4525 6678 3967 364 1110 3219 427 5678 4058 8443 9982 
27 9872 7047 5324 8118 3099 1123 2221 4231 4524 9186 8974 1986 911 8721 1321 9185 7853 8221 8491 7333 8729 4409 4733 6408 6704 5276 3868 
27 4796 8740 9522 4957 3557 2840 7061 9808 5028 4782 237 5427 4813 1664 733 7437 1073 4618 7366 1324 1902 2483 3066 1543 5907 9100 6301 
28 8090 5889 2169 4926 5086 6746 1138 4550 3770 2280 1309 4687 7958 259 1467 4277 775 3325 9611 4663 7193 6080 3947 3081 6783 7861 4364 2994 
25 9145 846 6992 4034 9773 209 7111 7304 3313 7352 9654 5162 8814 7130 66 461 6127 201 5319 4741 5110 24 8062 4097 2423 
31 7148 9718 2152 7648 6973 5542 1639 5303 6615 1871 1622 2153 5689 918 4417 6873 6895 3250 8867 4534 7624 9566 6568 6066 8179 8555 3909 3906 5257 6942 9914 
30 9053 6891 1364 9756 2526 6620 9708 6551 4454 3802 8131 2647 228 133 5152 6380 8996 762 4162 2997 4670 1026 4445 5437 632 2454 5813 7435 4502 4789 
32 5046 5801 3878 450 8356 5116 6580 9315 4134 3037 2947 8089 7355 8855 2811 3220 9312 6180 8720 3790 8537 7504 139 3309 4150 4320 6059 4895 3958 8132 8392 9212 
30 4852 1753 5966 1862 9636 9096 5925 6419 8262 597 7062 3484 7596 4511 9595 1713 2593 7129 9528 6827 454 6095 7145 2619 9950 2618 9679 9164 8470 3080 
30 2717 6668 8434 9685 1560 4152 9721 3443 3297 9745 2477 9499 400 5597 9821 4179 9158 9256 6653 1346 8107 5271 1019 932 4416 9912 7852 6235 5320 7368 
30 2378 4922 3665 1066 2051 9258 7691 7028 1007 9126 7767 7554 6486 6892 1662 4120 2757 2043 6628 1732 875 3394 9512 867 5180 4783 2731 1022 7470 6017 
25 1808 7781 5529 9966 5066 9831 8873 1485 5090 1096 8189 1642 4925 4109 5880 4654 2112 1696 9603 4979 4593 5536 3024 2952 7820 
29 6056 5955 2713 1014 5400 9874 4221 2613 2415 9760 8832 4132 782 1504 3400 9040 9647 4305 9294 3738 7113 4620 8716 195 1509 3274 448 1533 9558 
28 5876 9248 5794 4415 9268 4933 908 5863 499 3130 7610 1825 4423 58 8610 2224 6302 8321 5495 7285 6549 1432 284 2987 7683 4020 6008 8932 
29 746 9589 8080 8120 7625 795 6727 8264 925 5856 4153 2857 7443 3944 4157 5270 1736 3602 1640 4826 5563 5743 9399 9905 1017 4061 2275 5591 7194 
29 1574 9887 5197 1036 9378 1278 4084 768 5323 8076 3234 5568 5963 4425 1963 4421 5627 3125 4143 8868 4770 4491 4971 7301 4908 4228 1027 3059 75 
30 3039 6392 405 8890 6910 9033 589 1009 4692 6274 3532 2909 4201 4456 55 1188 5804 3287 7248 5640 6020 6019 5145 3483 8788 1786 9244 2143 4254 6246 
32 3249 4469 3551 915 9227 8745 4144 5251 4302 9565 4452 4079 6364 1292 6178 6809 6484 1439 9047 6649 3473 5139 6346 579 2356 1628 808 2812 1881 4998 6810 4977 
33 3387 474 1312 7979 3264 3417 4495 6452 9107 9338 5822 2722 3362 9664 3839 3759 7012 6166 5493 4865 1075 1438 7862 3626 2491 8306 253 127 1655 4461 2585 8683 5211 
27 6197 1942 128 4560 9382 6794 9803 5433 6994 2331 8728 3670 3454 2463 2984 965 6905 7079 5288 7547 7904 1658 6560 2422 2712 8037 5392 
33 45 8644 1285 7638 8833 7992 8046 1996 2194 1020 4544 3631 798 9010 3525 2216 2227 9985 7956 1065 2816 6196 6679 8451 8160 5408 6358 7214 6776 1697 8964 5033 7010 
28 9159 5370 1415 7611 5349 1558 6844 3114 1433 7105 7409 4732 4952 781 4862 4340 2309 7961 3549 1561 6805 520 5039 3727 1119 9916 8583 7272 
26 5959 8339 3582 4192 1055 2531 8828 3215 83 7039 564 3317 6836 1453 2527 8519 905 8198 1940 8021 3861 6840 2721 9723 7775 4361 
25 9861 1893 544 8108 8609 8022 8874 1680 2426 9300 6829 2739 9323 4164 3276 4806 8930 7250 2865 948 2718 940 788 6149 4275 
28 4182 7343 8431 5310 2358 2018 9457 7693 2243 9110 2656 3795 4294 9763 5477 9098 8757 6120 5853 4846 9663 8359 3838 149 7713 3168 7839 8816 
25 9141 3782 3383 9612 7416 5436 8012 679 8993 4095 1168 6368 7859 3662 6962 9726 3433 2688 1072 4121 1685 44 7478 9802 647 
29 6812 4260 7704 6578 7230 3295 1597 3722 8381 4015 4745 8182 569 5890 1661 6670 1114 6850 1502 3255 4216 8430 7480 7714 8515 4735 5621 2528 6575 
24 1587 8447 7020 9590 2609 4953 6331 6711 9593 9072 6192 2666 8139 5989 524 763 9746 9479 6281 8685 806 501 5002 6835 
28 4523 2698 5476 1499 4249 684 6427 6244 2233 4483 9919 9720 2699 4092 3034 234 1536 8370 8396 1563 3793 1922 267 6838 8979 6762 3826 1993 
28 2414 553 3781 8820 6481 2673 3486 9675 1081 1349 6813 8426 628 8597 4934 4955 8804 9641 1284 329 8173 7562 6602 6022 3601 6524 3375 4087 
30 2150 1466 6687 1520 1080 5020 8417 2794 8469 6256 2373 933 1695 7001 6418 9616 6629 3499 398 8082 599 246 9926 1989 9978 3930 6308 7246 5042 7652 
27 7277 1824 2332 69 4655 5 1238 4950 4874 5403 1754 5080 4343 9299 2581 3109 7023 6555 1844 433 5922 1086 2383 3015 556 4962 4964 
30 8404 3503 8870 7351 1776 9915 5683 8239 3604 8476 8862 9704 5661 2833 9876 7499 6940 1224 9266 8656 8059 5143 6801 6101 5873 1287 4811 8024 2215 1627 
29 3183 3123 2452 9104 7421 817 82 6876 1131 3040 9854 5366 6820 2948 239 5720 5594 9262 6249 631 5641 9684 8252 1997 4608 4631 9064 6947 8465 
29 3883 626 810 7026 2353 1644 1674 1167 1253 468 9420 2924 5579 7532 5220 1840 8975 2299 508 6458 1687 1129 7902 3459 6921 3796 3138 2467 6647 
30 6261 9180 9714 3856 7120 7232 6421 9540 173 8506 4388 8917 1000 9218 4430 3893 8140 2300 2245 6387 7495 6285 3768 4558 9879 6909 7551 6360 953 7911 
30 1965 9764 5756 9804 1554 7769 1588 8970 3439 8581 3715 4432 2509 6648 1459 7588 9252 5730 471 6058 5920 727 5544 9210 7659 8112 1812 396 7789 1773 
26 8078 2191 6245 7253 8083 5148 9223 36 550 7503 2986 140 1097 9060 6439 1488 263 9928 7041 3597 296 5342 6907 4026 2099 2810 
30 660 9443 1365 9019 1260 3267 8834 4478 1525 1971 1104 8008 9497 6882 8115 866 3175 99 5648 9674 9465 2941 3189 9146 2437 2104 9041 3931 9388 2518 
29 9168 4949 4701 7042 7707 5999 4573 2258 9183 5053 6277 7743 1899 3020 9043 5972 1598 5447 3113 4686 5321 9048 9514 4155 5359 4411 8596 371 8311 
28 2265 4632 191 1037 6756 3702 220 9059 358 9771 2825 7429 4825 7344 533 6968 884 9626 7573 272 7198 6825 7465 2991 6901 8771 8715 1199 
26 1134 1141 8267 9336 2930 73 5619 1542 6817 8642 9127 2780 9365 57 2979 9405 4763 6525 8998 880 8648 809 4459 5809 4683 4594 
30 2851 4759 8399 4650 3259 2815 2873 6049 4597 4734 4736 6188 1389 3798 3685 8901 9810 9214 4085 7231 1591 4225 5735 8818 5582 7930 6029 6332 2530 3436 
26 7080 3505 9951 8438 6718 5714 8201 1730 2799 199 8505 8939 6811 382 2348 8982 9426 2754 8 6514 29 8427 8811 8002 6573 6969 
30 8141 602 8394 5917 2459 9640 610 6212 6162 2955 9545 1867 3563 986 143 5075 6426 254 1341 8041 6788 3999 7874 3509 708 5824 1538 9208 8682 9510 
26 2586 2163 5008 3044 9123 9549 2346 2410 8840 5133 9835 3797 258 3435 2056 2006 5790 3231 5754 2621 8474 6659 8219 8228 5970 9410 
29 102 7395 6250 6925 7436 7185 2770 9456 8460 9149 9317 1643 9871 1490 1621 2464 7558 2972 5043 8331 3945 9000 8719 18 3842 2990 5491 5361 973 
32 2758 7901 9038 8364 8017 5534 4195 4867 8006 5759 3882 5369 4652 6263 5412 9372 1176 5716 8732 1221 5419 2133 7093 9009 6834 6903 8635 9881 7923 9904 5284 5065 
31 3153 4634 1271 6778 2239 8293 1300 4003 356 5904 6171 9247 1280 7792 1249 4471 5076 538 6853 8800 5335 1200 3358 9948 121 7544 6153 937 5736 6587 2480 
28 8786 6154 9797 7528 1681 2295 1299 9314 9658 4062 4728 5137 1126 3010 9359 2888 6326 8900 3089 4863 4029 7512 1633 3527 9576 41 5779 6906 
31 5371 2563 8177 6864 4784 2701 5144 2637 9451 9436 4785 4178 1023 4835 8446 6749 5067 2549 8529 8847 7064 6193 4920 6420 1974 4884 9962 31 4518 5789 6413 
30 4141 570 1038 4751 5472 2614 7519 9678 1689 2232 4758 1360 3434 9216 1829 7739 1726 6323 4496 1058 5267 1987 3726 4296 7602 8935 8305 5280 2809 1177 
29 6229 9445 1805 8003 7976 208 9943 4315 8322 3675 5035 1182 7237 7043 604 2658 2945 7578 4595 8795 4203 1475 7055 9523 1975 2385 8298 3472 6596 
32 445 6931 3501 4717 3620 5022 7751 7455 5059 3431 6456 8821 909 2845 4373 1571 3576 56 2087 1720 490 9920 19 6934 7657 4462 2566 6569 5985 3345 966 2338 
33 2734 7313 4757 9304 5117 682 9485 6559 6163 8700 4684 6672 7877 8020 376 5504 8796 2278 3971 3293 6863 9944 913 2831 1481 9022 4360 8081 1446 3962 9152 6730 3116 
34 6808 9117 1192 3385 8324 1745 8266 6500 2391 1541 841 3785 5064 6252 5913 2014 5839 693 5531 6760 8608 3414 5494 9402 7567 3374 8542 4381 7770 3664 9383 8412 1791 6090 
30 6956 3628 9743 3735 4834 3411 7149 6676 5760 3654 4542 7776 5395 5108 7298 3026 9400 4522 3193 4924 6107 6501 857 1209 344 1705 9573 4418 6173 5453 
28 9371 1196 2933 7543 1985 704 5170 5887 5074 2552 5311 3286 584 3635 6945 6338 4727 9419 4787 8856 2035 4485 2751 4936 426 1638 7655 7456 
26 4119 8152 2777 7442 15 164 5218 5862 5146 2511 8245 2076 9311 3003 557 5394 1565 8825 7913 3673 5184 4877 8061 9045 5054 6804 
27 1959 7855 1067 3855 1283 3090 2238 530 4588 1889 5289 2878 729 947 4378 803 7262 6949 6886 6293 6251 3779 6823 282 4690 7722 9577 
27 4904 811 1983 4311 6868 7607 8577 5390 4691 1256 7267 2900 7809 7948 5695 1886 303 1845 9911 8881 6858 5016 4584 3760 7631 4963 9354 
31 2098 9246 7222 6093 9933 4219 5896 7679 5916 2158 5700 3743 5480 4212 4081 8650 6462 6924 440 3718 5616 3843 4849 6636 9198 6833 843 3734 7817 8768 5107 
30 6933 1752 2000 5938 8875 6102 1462 5901 3001 4809 8251 2183 8358 1163 8605 2413 2893 5485 5272 5047 1356 9305 4912 7252 9686 581 8582 1678 7460 2980 
33 156 2182 8835 1807 4239 2195 5724 2101 8050 5739 1759 2937 7812 6531 1799 6115 345 7290 2204 95 3641 4541 5463 2696 8301 5172 6355 1061 2976 7856 1473 126 7326 
29 9213 3775 5555 5910 6348 9856 1160 1420 793 4396 5413 2124 3778 989 9290 2475 9119 3068 5389 8973 7646 4744 6370 7754 7517 6532 2716 4037 694 
32 7320 7256 8590 1670 3707 4983 9494 8897 3500 3989 9689 2808 4658 6780 6044 2982 6698 4149 1906 4453 179 6219 6144 8531 6239 4681 6745 9112 2942 8105 950 7264 
34 9288 665 9385 357 1969 6267 9939 6793 1132 4929 7328 7076 1524 1244 9824 3463 5731 3927 904 755 7632 4649 4269 5684 8676 4613 3713 6076 3614 9542 5729 6883 9841 9478 
29 6096 3256 2241 3643 7744 3331 2468 185 4589 2281 3887 6893 8145 2686 4723 369 5484 4493 8116 500 2602 260 7137 5190 1112 9124 5398 3404 1001 
30 493 5832 1437 429 2430 238 2801 7866 6750 4997 790 2050 3310 6665 7044 3301 2130 5614 9017 3142 5338 9639 7594 7445 3257 9034 8516 6513 6680 7049 
29 701 8125 7244 3907 4104 9242 4975 2591 8673 4190 6606 9529 8106 3849 6996 1063 3650 1088 744 2726 2458 3874 2160 7601 2505 8409 8236 5410 582 
29 8450 3187 3076 4166 7724 4529 289 4089 2001 1423 1708 3290 9906 5854 4074 7075 8498 2231 241 3031 742 7497 2089 1506 4012 5936 5593 8640 4635 
28 9014 8896 7251 9632 7116 232 4313 9439 6470 1120 3494 403 2589 8279 1383 4035 9516 5625 3115 2210 9374 2405 4927 2094 587 5618 3872 9700 
30 9189 9157 3899 5545 9190 4304 3300 8687 9153 9818 521 8734 2044 2017 1046 2632 2872 3047 613 9896 3600 1534 5452 1374 6713 1295 8589 3530 2367 3767 
30 526 1492 7402 8733 375 1575 1592 2908 5176 472 8258 5584 6999 9370 6684 1507 3152 1876 9409 354 4475 5099 8209 1108 9924 7477 3710 3349 4767 7417 
29 2823 1734 3333 3866 7575 2992 4069 4341 8466 3336 5200 8384 922 245 6432 5013 5422 8155 9597 1335 8357 1311 2964 9253 2170 7261 5216 6830 5885 
28 7418 1691 1247 2384 1448 8681 675 1932 9491 2318 1671 2629 6145 7589 3828 3437 955 5692 4886 6987 6109 6899 7583 2269 5391 7089 2814 6121 
33 2995 8545 9257 7864 2535 4817 6658 3854 1882 5071 9376 3402 5083 9228 6337 664 8560 981 830 2407 2271 4405 154 959 6852 8888 6548 4790 6325 2571 3226 6561 4329 
29 4322 6021 8207 5209 874 4629 6766 5188 5163 111 3166 2522 6862 6849 3368 7962 5842 3869 7591 2131 7964 165 9610 5981 4366 7542 2544 578 1268 
28 7643 7576 4303 3051 271 1051 9263 3610 2375 3420 8486 5238 5533 9833 337 2869 5622 5056 7570 3378 7070 6126 5155 8433 1518 2848 5774 2155 
30 8725 862 523 7235 2205 598 7177 6016 9585 5406 8206 532 4990 322 2408 7696 1451 1819 5541 211 6695 967 1755 4810 5140 5017 1474 1071 7966 655 
27 280 548 9224 2395 7086 8727 4145 8025 7131 5791 9187 709 6137 585 2256 8758 9534 4498 7963 1901 4073 50 3163 6002 65 7004 341 
26 6599 8730 5595 9787 3951 7728 590 4205 2707 7815 7766 7459 568 635 4704 8233 4159 7565 9652 6619 7453 1393 2904 6094 7422 7162 
32 9049 5552 3452 9940 434 9391 1804 8532 685 1310 2097 9173 686 6085 8185 8761 318 5026 3319 3824 7563 8692 5364 2377 2729 9667 8241 3959 3101 3970 7747 4014 
25 3709 766 4442 5258 397 8831 2064 1603 230 2935 8604 8015 153 2387 5287 4261 8703 9028 6391 9680 6887 4196 6881 2267 4821 
26 9925 612 6754 3201 540 4476 6211 6395 8292 4017 203 7672 529 603 917 7803 7373 3736 1251 6259 1328 8770 717 1820 4586 8009 
33 7822 6543 5113 1809 3716 7408 851 5512 4444 620 8215 8824 7990 6298 8915 9381 3470 4814 414 9706 5602 7640 3964 9341 269 5316 2978 5101 1682 2779 3668 7322 3748 
28 3875 2847 4099 4050 9907 7667 8924 9172 6473 7462 7209 3453 7404 4420 5994 559 3837 8023 5980 1582 7535 7687 6799 9181 814 3030 9724 6091 
32 2038 7324 6152 4996 3598 9735 1855 408 7464 6866 7869 6715 7108 5347 855 9694 1142 8175 7909 7912 7365 3329 7821 6642 8622 9221 4666 3993 2516 8151 8096 3595 
29 9340 4878 5213 6155 7323 9980 3755 7842 466 5376 1777 6535 6515 1082 4401 5018 3923 6228 14 9021 1702 5750 4154 3572 9364 2282 7791 6074 9768 
30 586 3877 416 9128 5151 6554 8992 3741 7675 2843 4774 4021 907 6187 5330 3646 3441 9877 7221 1033 1624 7826 3564 2190 699 4105 1316 4820 3816 8167 
26 2091 4754 8327 2166 6990 6393 5439 3086 6472 8153 9677 1870 6742 9283 3895 8587 8016 707 9062 9225 1811 105 6303 2881 5418 419 
26 5455 9688 2554 3679 8464 2966 8500 9078 7748 7038 70 4689 1952 5808 9935 3799 3043 2425 226 9676 160 10 2926 7521 340 98 
30 8407 2496 9584 6474 5826 837 8178 4642 8876 4888 9368 3817 2276 1761 8990 5924 3574 2411 3056 9016 7255 2222 9348 5677 2927 1939 5926 2075 1928 5738 
28 934 9498 1339 130 9627 4858 2748 2266 2832 1307 3078 7387 4591 6224 5993 8135 8773 7813 4868 4837 7506 3864 7498 4688 3120 5050 233 6588 
26 1568 8934 4046 2186 6073 8711 4621 3904 2542 5045 2325 2577 9448 920 7673 7676 4836 976 2023 728 2503 8323 6201 4590 9330 1868 
26 1030 3833 4481 6935 5860 5499 6295 7356 2601 5407 7484 4519 2148 3806 3616 7737 325 8259 2598 4429 2764 7073 7746 5685 1484 1637 
26 2442 5185 3268 4739 9583 8389 6015 7761 8437 6814 7701 2534 2683 4317 1456 2364 7217 1366 6604 7325 4859 9661 8522 4552 2634 5269 
25 2766 7115 5112 3009 7723 9825 6409 6824 5189 9500 1723 2019 8254 8355 6306 3371 8208 5264 4651 5232 6761 8501 3381 6142 2659 
30 8424 7613 8440 7695 6889 5680 4076 308 794 6550 2176 3262 8967 1436 7150 7077 9712 4207 645 5131 148 3342 3497 8229 7461 4108 4337 5650 7174 2296 
27 295 4338 2599 8751 2053 8454 926 8493 4898 4564 4002 5451 4617 700 4902 3213 5884 7103 1910 7959 4285 4709 506 5686 8712 5374 5681 
26 207 7639 7329 6255 473 8518 4264 2558 9970 6954 2121 8390 1706 2466 2181 3162 7127 2676 1077 5710 5088 2109 2248 6667 3580 900 
29 7245 1573 4773 1860 3682 5460 7668 1998 4117 9949 7415 4460 545 4295 600 1968 802 1351 5841 2827 6070 6733 2443 8308 1254 7508 1601 2620 7555 
31 327 5777 1712 3921 443 62 6286 3430 3908 8213 4100 4376 1498 3888 2225 4492 6963 5554 9085 5891 944 3689 6342 6771 5719 2261 1937 3207 5844 6952 8696 
28 9888 3562 1768 8952 1700 8193 5368 9406 8256 4446 2052 7838 7549 8886 1416 1828 7410 9783 3217 7444 3023 7197 7074 9805 9863 8750 8070 8351 
30 9151 4967 1813 3258 9236 2003 3537 4673 3348 1549 4334 59 2913 8035 6291 3211 4645 9487 9875 1850 4626 6116 897 942 5521 9710 1629 2807 4256 849 
29 1711 8453 436 9361 1275 4966 4227 3049 8494 2919 1290 8562 1320 6941 1145 6433 3605 8210 3432 3244 3973 5111 2455 1782 9631 9620 2567 9774 6055 
26 3384 9850 8481 3844 6556 8093 888 437 5976 4489 6033 636 8925 4332 7622 9659 583 8827 1164 2773 9108 4336 2626 3940 8487 3554 
27 7138 601 9868 1139 1049 4628 8865 6902 6971 1089 4431 5998 7509 1135 8190 9295 4742 6957 1090 3617 9715 137 3154 6431 1800 9349 6135 
29 7539 2971 1398 7742 515 7878 2161 8224 1228 7377 3095 5817 7146 1517 8223 2111 2307 1903 1230 4939 6290 5380 9082 1333 2105 9869 2594 1235 2149 
31 1408 3265 1468 3914 3367 1787 1245 9240 902 8040 5749 4941 2116 4667 7846 4161 6375 3096 8688 5825 6417 6789 7797 2102 3221 9004 1237 7090 4827 7608 3876 
29 7382 457 6970 8841 1505 1907 4677 899 9380 893 8260 6581 9434 4011 7238 8401 4310 1480 6023 797 8136 186 2285 4571 4479 4600 3719 503 8314 
28 5835 3860 446 5134 6790 4587 6779 9235 4630 3774 594 4290 2520 9769 4213 4750 297 7189 2460 3017 3206 9789 9886 634 3173 1916 9015 3143 
28 719 3511 5388 6819 1863 7295 3733 1521 996 4025 2654 9526 1085 6082 5767 5540 1927 4509 9653 8230 3789 4013 7998 7289 6397 4354 2804 7540 
31 9282 1204 6425 4088 2916 3762 7957 5126 513 7142 3229 995 8976 5063 4098 2560 1171 4080 9630 9066 5179 458 423 8632 5702 9353 6972 5430 6157 5836 4300 
33 2223 377 5973 850 6445 4718 7637 5435 3335 2433 5502 8593 715 8284 2606 6878 1308 2615 5104 6119 5187 887 5628 3737 8525 9574 114 7360 2667 7726 8945 3071 1648 
30 1785 8097 1595 1060 2876 780 5051 343 9961 7359 7660 2179 4289 1688 741 3686 7586 5737 7196 7428 1619 6131 1153 9201 6366 6052 6068 2850 3870 7936 
32 2584 8502 4060 7698 6284 215 2137 3917 2950 6740 7522 4127 9222 4546 9261 5752 3961 4693 5003 8056 4513 6937 2240 1331 9503 8188 197 6415 8416 8539 6133 4659 
26 9054 5049 4803 432 5705 2154 4394 9056 9281 1709 4316 954 2576 5346 6786 649 2173 8984 348 1381 2392 6011 6169 7553 7066 6614 
30 8995 476 3701 6664 7798 5598 7621 4722 4251 1219 4958 2230 2867 3955 4402 1494 2837 6223 5957 2118 7067 725 6855 5785 8940 1305 8695 5948 6179 85 
30 9988 6001 9820 288 9817 3164 35 5446 2536 5315 2679 1259 7257 3548 6674 3314 3700 7033 1376 2702 4439 5363 8126 2896 1716 8018 8959 5481 5851 2623 
32 9321 5336 7894 4126 784 6643 7981 743 4864 5068 5397 4945 3315 6582 8661 6915 1461 5356 7630 1973 355 8304 5630 5893 1455 963 2063 5261 1263 7123 7806 2254 
29 7849 1846 8969 3172 7109 6113 8954 9622 8000 5425 7036 4882 9809 6721 6757 7681 1047 4557 9717 549 8704 8508 695 9582 5734 1727 2386 7886 2507 
33 3922 1831 7096 5537 6983 3764 9719 7406 9272 760 8645 9267 2071 4921 872 567 4749 6063 3271 7171 6111 3013 8684 853 7945 1646 5381 2885 1279 4981 637 8187 1445 
28 691 7569 5109 9974 5210 8790 383 5235 5879 3105 1435 5291 3127 2800 2753 5539 255 1471 5745 7452 5217 1669 7711 6932 8374 3008 4708 2678 
26 962 7229 8983 7752 8053 4391 6767 9055 1302 4638 5350 6449 9655 7388 1094 4815 4847 2402 9965 469 7967 5527 749 8986 6639 124 
27 1826 7708 6623 1429 3680 1198 5296 7401 9090 8253 71 9844 5027 6365 8860 3820 6689 7398 5421 1663 3994 754 4746 1798 9080 3633 7917 
26 5057 8971 2469 4697 5166 2313 8783 9178 5547 1214 6143 4851 6134 6802 2521 8186 9532 6880 6158 8951 3910 8110 2911 6960 9544 6843 
27 3590 2607 4259 144 6275 1093 4298 4566 7592 6276 6795 38 4914 3622 7620 406 4776 2484 6045 2272 3761 7254 3053 735 1728 6637 4643 
30 9822 7794 6785 314 6402 2135 2024 7605 8627 1792 413 4665 8047 310 1262 1358 3389 6078 302 6476 5986 438 6333 2277 3750 9972 7228 7463 3457 2786 
31 6781 5503 7694 1422 8277 6262 1412 9394 5596 243 7955 4241 2122 9179 8775 5820 6904 4700 5239 1213 992 6372 988 1297 3752 5819 192 4695 5960 9163 6216 
33 8220 2156 3640 2140 7865 572 2322 6160 3925 9857 6454 3124 1650 2724 863 2741 2193 7546 9776 2319 3732 1722 4528 622 9036 8985 3352 692 8376 2123 4714 1864 7364 
27 3611 3361 736 304 8726 6437 8398 1370 1083 373 4032 8801 225 643 1830 9830 9587 4133 1159 7954 9945 2597 7094 4680 8585 2829 3531 
31 1187 7871 8513 3618 3150 171 9329 4472 3243 9737 4292 9812 3407 359 9068 2817 8148 4059 4054 3569 7749 2486 8633 88 7717 6943 2959 7837 4345 3444 6207 
26 6042 4349 8415 2755 9629 236 7768 9044 5100 9482 3456 339 914 6726 7081 8866 6875 9237 5676 5576 6583 5386 321 3305 1665 3952 
28 8561 1143 4246 8797 5171 8526 3489 6675 452 1444 8448 3585 1170 1552 6837 7564 618 6124 8313 1201 4022 9722 9849 9377 7411 6012 9968 8887 
25 558 3128 9930 5128 6237 1042 9936 3905 1477 5474 9703 9116 8094 1853 3677 5186 3252 3749 5663 8428 1841 1957 103 1522 5273 
25 9670 5041 5865 6509 3283 2138 7870 9975 3158 5012 8652 3606 8507 2551 5746 7218 2684 495 151 5243 1874 566 6755 6898 2084 
24 4661 7179 2365 3316 2768 2298 8478 3678 6138 8623 7983 5441 5600 6696 6565 180 4187 3915 3526 8326 8647 8823 7731 1350 
26 2672 5524 8026 4217 5968 9462 5201 9437 3304 1242 6666 3507 3390 7702 361 1169 3880 6195 5961 2588 8174 7396 9474 936 8240 7527 
29 5500 1387 9791 6928 5566 2212 456 7467 2541 1839 4792 3379 9908 2416 1223 9716 3552 8563 1379 7571 8361 3613 8010 7987 7121 5918 2371 6806 8799 
25 8546 3630 7384 3350 4200 1994 6744 4831 3364 1933 6206 2404 895 2326 6712 370 8457 7057 8467 7895 894 7281 6041 265 2681 
27 1577 8568 9568 3476 4436 1152 1016 2057 8798 5784 4562 7330 2651 7432 331 3584 6100 2821 5331 3773 347 7293 752 9759 6356 4548 2406 
32 4960 1599 2202 5898 4 9120 1659 7299 3281 5975 4679 3058 1319 8956 8883 5072 758 5642 1858 7181 2650 1084 3809 7085 7169 6541 8747 1347 2008 3474 836 5204 
30 4114 3581 3482 498 7191 3612 7383 9241 792 150 9851 7784 7400 8144 2465 1721 8787 7172 2697 6288 3776 3690 8809 7034 3165 783 3112 1404 3285 6164 
31 1572 2864 4503 9384 8439 1794 7872 1306 4889 5023 560 6585 5974 8509 3446 4883 3740 3085 2592 3566 4220 7269 6848 1277 9020 415 5471 8774 6663 7187 3399 
26 94 6062 1751 7929 5632 7147 9165 4486 6205 2680 4363 3392 8844 5367 9483 1391 2070 6777 562 1162 8853 787 5231 2481 825 9346 
31 9106 7297 551 2813 2736 9520 8663 6616 2728 1098 6567 1676 9780 5405 7740 861 8490 3344 6607 1240 1741 1743 4899 4233 748 142 7897 2533 8895 120 2611 
31 5465 5467 9460 9646 7867 1210 7381 8572 7392 9327 8988 8573 6574 9051 6024 5450 512 4177 367 1613 4404 3751 6034 765 2363 2302 2498 5950 8290 4605 5988 
27 1109 5583 276 5263 8693 555 1322 6764 3167 313 4064 3863 924 4160 6321 3512 5399 1426 9230 7274 1982 5571 2844 2737 2059 4135 9192 
30 5030 8121 5903 3919 9175 5658 4181 9599 4273 8812 2689 21 9575 8892 6993 9959 4258 4146 8319 4202 1252 136 712 3447 113 9524 652 378 6404 4978 
27 5645 330 487 896 9836 9625 4030 3151 7227 8741 3784 4040 5501 2370 4930 3063 7271 3891 1246 3337 8863 4173 7972 9934 2380 6061 9307 
25 3592 1359 5934 9785 2049 630 8365 9324 3865 6225 1724 6018 9 4669 4740 6877 8300 104 3523 2340 5275 5586 1399 8479 3107 
31 7427 5233 5944 2418 7458 4710 9537 1004 8263 5843 9254 5222 1493 3241 4603 3786 5662 3359 1581 1338 9730 8524 4007 2159 5011 5589 6688 4840 4237 951 1551 
30 6440 482 2330 928 3950 7890 3992 4408 1095 2435 1304 1233 2760 8294 9135 6399 1892 1457 2219 2200 9709 8054 8664 1500 485 6136 3979 4512 8898 6014 
27 9191 3873 8653 9251 2640 605 2710 7054 901 5277 833 2255 5909 4448 7700 1057 9070 5927 4731 9369 5624 6141 7738 2345 9786 1954 447 
32 6613 1641 8406 687 5377 5855 8765 6731 5353 484 425 9889 7336 8159 3488 6471 2342 4614 1645 4842 8822 5626 8405 5449 828 7440 4664 547 2189 2670 3422 3517 
33 8085 7984 5965 2860 3391 629 6027 91 9892 3821 8680 4031 3144 546 7068 1960 2859 1701 6006 6594 6518 1652 4016 2750 5902 9176 1718 517 9563 3468 946 8307 2107 
28 4974 2090 5334 6407 1390 4393 3949 1707 8004 3320 3791 7939 8899 7884 5732 4167 938 5567 8571 657 8785 7827 4210 3948 9878 3607 3956 1099 
31 5062 839 4214 8829 6278 8462 771 3182 5274 4174 5382 8296 7928 2355 9618 1838 7265 2034 6079 2113 7133 4023 1388 1232 2199 856 5711 8916 3540 2901 6441 
28 1999 3104 8286 3149 9416 1737 8418 4116 4465 7045 6989 353 5428 8630 7515 5081 9471 7350 3372 7241 2787 1208 7857 9713 4346 9423 8268 4131 
31 5130 3937 4660 9790 5525 4323 7915 7317 9870 2078 1206 8335 2685 3199 3941 2237 9852 5205 2047 6900 2665 4464 5995 6489 3706 251 8244 9767 3218 2879 5666 
25 138 8299 8678 5881 2914 1715 5318 5796 5587 8441 1092 6510 1873 4230 4737 6334 2929 7051 155 823 2046 8782 3083 9188 6172 
27 1377 9037 8624 3518 7715 606 2334 2247 7468 1683 8878 5848 4779 9588 4656 3960 1286 9199 2880 5300 3214 8068 4274 2902 2969 7315 7502 
29 5014 8961 5077 2756 9777 813 134 1821 4194 3212 2030 8808 5417 8142 7725 8908 6376 1495 812 9901 945 9682 4319 3111 621 7223 6498 8265 3082 
30 3145 9538 854 8625 8936 81 1854 2499 9231 5119 2590 2178 1371 3094 2617 7556 4244 6315 3408 5636 761 6243 8748 6986 7128 7618 9517 3197 7424 2497 
26 666 1842 6003 8530 5307 541 7202 4559 3506 3553 8755 1972 6457 2939 6362 6104 9046 7628 7582 5807 3469 2694 859 47 5877 7341 
26 4804 5097 6595 9559 5456 4001 5010 420 9006 5192 3515 3879 6483 112 4843 2700 774 3178 5715 372 7376 4984 4517 4682 2532 1397 
29 4801 3929 5740 3763 9115 6123 7944 5875 5748 8238 7243 1934 2390 7493 4477 999 6512 7848 5655 2208 6685 1357 2074 1372 2115 7807 731 7319 7063 
27 3720 6655 676 873 221 971 690 3644 5301 6860 4533 8435 5048 7167 9325 8226 6110 6734 6870 7302 4342 8243 6797 77 1327 2781 5517 
28 6424 3832 1746 8586 2396 2013 3347 2608 7896 3192 4641 2068 1002 3360 2500 9681 5643 3596 1216 1332 770 8789 5538 7386 5747 9580 5044 7492 
28 2417 49 2963 8950 6995 4309 1784 8349 4044 7993 7745 6927 8337 412 8675 475 2226 2663 5617 9337 2449 7665 8802 4297 491 2985 496 1289 
28 4189 4574 256 6482 1608 7482 9356 6944 5384 9815 3926 3382 5122 274 8667 7999 3754 3263 5923 9105 3413 9379 6579 3438 1967 7002 4866 1298 
29 4071 671 4944 961 2253 8575 7176 4795 74 8912 2763 5124 116 1314 3747 8031 9507 386 1578 4399 7940 6913 1274 6702 1978 2691 9293 4339 9799 
29 4760 2803 9492 9891 2323 4553 9725 2892 3608 5699 5290 1102 3108 3684 8373 5248 2447 9867 9693 8048 2317 3577 5599 9032 8736 677 8619 5991 5255 
32 6430 3363 4994 61 7552 6563 8549 703 9238 2745 5850 1836 5434 5530 7645 1618 1044 6114 3461 3067 183 6617 4706 1180 9275 9449 1479 6339 1227 6266 8360 470 
32 8849 6982 188 7969 3036 5058 2868 6538 4110 3398 5951 4375 6367 8639 2743 5833 9707 2125 8295 8028 8837 5415 8869 2515 8064 821 1005 3098 8845 617 7593 5486 
29 4049 2795 502 5696 4639 3427 9220 8603 8794 1045 4382 6544 4855 1977 4555 7808 7003 1884 6401 1814 9306 6209 3661 990 8891 1323 4556 845 519 
29 1566 3198 1956 3322 7790 2569 0 6547 2525 1679 8655 7082 7056 9458 1914 7953 7013 64 9509 7083 7434 5141 5792 2072 5402 4412 8743 7537 819 
27 3236 6257 9200 2965 931 8991 9648 1064 1207 1074 9917 2040 5411 1056 5606 6644 8119 2690 6035 658 9013 9691 1527 3157 6533 6737 6865 
27 8057 4662 4797 8885 6351 2775 9909 3103 9350 5510 4647 9728 9280 6026 3896 5378 1195 3714 4932 1912 6040 6717 9705 4841 9731 3901 1793 
28 4473 2855 3324 4777 6681 489 1904 4385 734 2931 1585 1962 6508 9091 1567 9140 6768 1823 3788 1234 3200 5558 25 714 9633 9505 5513 4184 
28 654 7397 5129 4400 9752 1133 402 4193 1837 54 1172 9303 1294 1052 8168 8614 3184 4056 9518 5929 1463 4075 5946 6577 2749 2119 2556 3232 
25 3288 8850 9755 9963 2429 9395 7405 2788 2083 3110 1395 4612 1856 7126 2740 285 4499 1984 4675 298 6751 8803 9947 9003 5470 
24 2652 5532 5345 8910 5052 7240 7597 5490 2028 5701 3246 4943 6953 3728 6589 6067 1107 6661 9557 2478 9748 6240 3021 6148 
26 4989 8134 1772 6313 7259 8410 8154 9274 9087 3191 6378 125 7199 5409 388 4406 2174 8340 757 898 6248 6920 2357 3589 2213 8753 
28 3968 4170 9039 2479 8421 740 3033 7441 5159 6523 8325 5169 7312 7112 4148 7124 5464 7879 2127 7372 2002 7303 9569 7332 486 480 6271 3829 
27 9692 9202 3519 7279 5416 3804 1944 2989 3228 4374 4147 8371 2657 4551 5299 2206 3535 2660 8674 9102 8163 2117 4959 573 2616 4832 4875 
27 1472 7337 5245 6936 1175 9937 791 8791 2687 2061 6412 6918 5309 3416 3061 3180 9469 6199 9578 2284 5996 1815 2537 9320 145 7772 1508 
27 5703 275 6151 417 8778 653 7719 43 1767 7942 4168 5106 6010 8807 2882 9823 1225 5123 6896 5414 6071 6592 1183 5337 1396 3202 9969 
28 6423 8246 6200 8717 952 1441 2301 6057 9495 619 878 2946 1796 3502 8436 7053 1832 2108 5773 2022 9396 1605 8485 8955 1981 3092 1106 7577 
25 5147 7015 8503 6177 7203 93 3651 7703 8499 4028 3147 6388 844 6453 7273 8495 6394 9357 9318 2953 8846 2776 7850 1596 4347 
26 6885 9696 4236 8143 479 2747 1282 939 1735 4500 7000 6386 710 7114 3567 9525 8459 2461 8772 1869 6832 2523 5432 9645 277 9837 
28 7883 4830 6497 7183 6258 5612 1604 6105 5878 1883 1226 3273 5803 9414 3942 4368 9050 1403 6739 2473 2974 5866 9313 9859 1790 2706 4592 7978 
28 9328 534 8400 7084 6005 4355 3205 7296 5302 7835 9690 1747 5905 231 5373 7758 2653 7210 7141 9701 5722 9331 37 3208 7730 7106 1540 8879 
27 4447 2069 2769 1059 8937 147 8442 2674 3185 9270 2286 881 2818 6060 3477 96 7236 8291 1101 7446 5004 9602 6769 1580 7617 6732 9741 
25 2805 7914 5557 3471 5207 8445 4009 2096 3544 6037 7091 6098 8007 3983 984 2708 1013 650 4894 6984 4041 1454 638 769 7805 
29 1764 182 34 6459 2752 8766 4969 1888 1810 1609 8458 9035 9983 109 522 8621 9430 2727 4103 3007 4711 6118 8521 4403 4468 3938 5543 7362 1154 
29 6950 6729 8903 1407 3291 4530 6221 1258 3465 5168 3545 1557 2548 3464 5718 5758 9757 9103 248 591 2958 6536 7501 9342 1266 2088 2895 7270 5823 
27 4753 1035 5031 2293 738 9665 3984 8005 8641 4527 7071 8455 3981 3894 8095 9598 7975 8403 3093 9333 2883 196 9001 9452 9782 9255 592 
27 4935 773 2335 9695 7689 9130 2201 6634 1440 7316 8483 7765 3825 6976 5664 5577 2462 4780 4991 488 8275 5225 2065 6222 8165 5489 7153 
29 7662 1125 6959 7394 2228 3696 785 4903 6128 6389 9310 7078 1852 4504 2184 9118 8489 3137 2341 8707 2453 3485 5656 8014 2427 641 4890 3279 5930 
31 3902 9591 4318 8204 4250 4887 2782 3195 7163 3813 822 5000 2852 7288 9177 379 5040 4043 6958 2596 1970 9234 9744 2575 5657 8672 7858 6311 3522 5029 7899 
30 7995 9031 6857 5751 3177 5082 6985 4137 4048 4413 1248 7284 8857 2080 1879 6345 6156 3963 8200 8333 3852 3466 3792 6031 9259 6631 5196 4619 7854 2288 
29 4065 4616 3772 6961 1220 979 7488 8679 8649 1427 8628 6310 6176 305 2287 4051 1156 7510 244 5858 4234 8079 5085 5158 8810 8218 4954 4791 3642 
32 5482 9601 4433 9470 9967 4636 7974 1165 6341 6522 7927 980 4577 9363 3986 300 777 3401 3753 9209 9553 6487 1006 2641 7669 6455 441 7595 4561 2306 9018 5674 
32 9561 9417 4765 5942 6234 3898 8966 6099 6112 9880 739 1694 4435 4136 5611 1936 3568 9617 7626 9779 6571 3969 4755 5776 6911 7119 8247 1385 7029 6633 7926 3570 
31 9832 5354 9747 4870 1325 3238 5857 6369 7541 190 363 5793 648 2020 8752 9931 169 8534 1 5357 7634 6373 4968 2162 1447 4705 5173 6798 5372 5551 7641 
32 2765 1424 6475 8949 7579 6444 6280 7201 1411 4263 1189 1158 9993 2389 3730 5962 2704 2324 449 8480 1231 8379 1992 7548 3990 8169 9572 8058 6988 9358 9650 7399 
25 8315 4474 5564 4896 7161 6815 5167 311 3912 8289 7291 7032 5828 1103 2283 7155 8420 9171 5607 8962 4850 7505 2329 1653 5690 
27 8709 7566 108 2350 1380 8176 8569 7598 6218 6584 8602 7785 5352 9736 6450 4112 9999 6526 5034 5762 7600 818 9148 8011 6496 9109 3634 
30 8724 3496 9219 6283 7327 5177 5769 4856 3035 2705 510 9501 5132 8378 1392 9196 7385 4033 299 6443 1384 3087 7339 7520 3369 8197 4580 6161 6626 8631 
28 9111 7511 6294 5675 2252 5360 5912 5157 4575 8689 9976 6318 8931 2877 8137 6451 3004 6759 9195 7786 3223 6723 8739 4222 8708 451 9296 6422 
23 2517 7216 2578 9761 4356 789 7419 7753 5874 3889 4335 2692 6083 6529 7420 2875 8088 7457 7100 5849 7934 9995 3808 
25 3353 7918 1909 1465 7572 3647 7680 3835 5550 1144 4602 270 6106 3376 3222 7403 9541 4484 1318 5665 1181 497 2273 5473 5638 
31 3423 9543 3278 404 3671 5706 2129 6854 4325 6097 5983 1908 2314 2165 3692 5546 9011 5741 5385 6307 3077 8091 2669 1731 3729 5459 2501 796 2487 1739 3818 
26 5919 2351 1491 3698 9428 2677 7800 2853 8036 525 8369 4985 4128 7587 7834 923 4719 2580 4778 8030 8556 2627 8953 9094 7654 7887 
26 8099 7494 8170 2472 8471 7773 8958 927 6708 9910 5811 8769 5265 4676 7795 9297 6039 6247 401 9319 8342 3996 3943 1015 7178 9895 
30 2993 7574 8523 89 9806 2664 8957 975 1610 2132 392 1630 2923 865 8512 2967 5095 3102 3571 912 2362 9226 6662 5025 9637 4646 9579 5375 3529 2436 
26 1938 3972 8565 3292 2920 3830 219 9562 2062 7059 5691 2428 2077 1606 6758 842 307 9026 2471 4000 6782 7788 4437 6189 2582 9770 
24 4501 5136 6231 3373 571 7158 8620 6328 5429 4988 3136 32 9355 9264 3253 4752 72 9834 7734 8637 2308 5609 4965 711 
27 7937 4392 7946 9408 6000 2439 2762 2917 5142 5578 8552 4992 4986 1413 6530 2568 5150 7710 5620 3294 5234 2250 5569 9987 1891 8548 8194 
27 1579 7787 5914 1410 291 4307 7393 5343 871 5601 2928 4284 2004 5761 7018 2445 4070 6775 864 786 7658 8965 3687 1361 9398 5178 2217 
25 2550 2693 1124 1025 6822 7239 662 1028 1849 7195 115 2082 3129 5252 2321 9429 6349 3725 4537 8922 3800 9642 3985 9161 3227 
31 681 5160 3235 5653 3064 60 2126 745 8914 5757 3340 5322 972 6552 3011 3065 9552 6048 2290 840 9614 2861 3561 9539 732 1378 2095 7900 4793 2456 2103 
28 9446 4807 6046 3560 462 5726 5351 6652 6230 110 8013 7925 4657 1544 4918 264 5505 5174 2792 1684 5778 7780 7469 8763 7052 4291 4352 6650 
27 2849 8432 1976 9515 5883 9795 2274 8055 5036 5327 5404 8963 7844 6539 101 536 1291 9897 410 3712 6289 5615 6203 8658 4940 212 1921 
25 4764 7439 9884 5313 4183 2337 7629 5509 2412 6763 9464 3054 3853 6492 716 7479 5362 4876 6047 6465 4138 2907 8270 7996 411 
30 4494 5613 7448 667 8613 1923 7361 1770 7931 5420 5818 8558 9233 7973 1409 2951 8599 2975 4086 1476 6081 2476 8075 2884 5560 5795 9586 2561 3913 7559 
26 8607 8183 2557 3260 7982 5226 706 6622 7513 2983 2646 8665 6272 4139 9292 381 2029 8496 1157 7017 983 2214 4532 9535 3062 9343 
30 7584 9858 9727 1186 3903 1267 4175 9027 320 3556 8793 3176 2474 9466 5024 8601 2151 4845 4570 444 3539 7783 4245 8280 9536 6260 7705 5317 3366 5707 
26 3016 6190 9366 1590 6374 5654 5079 6738 2289 6329 4720 5782 751 2949 2327 3419 9530 4330 3538 8065 6139 1594 9476 5215 4516 4712 
26 9136 5511 9352 421 6657 6710 9461 9260 6705 6287 2897 916 7258 6502 4280 5978 588 8138 4606 6608 8408 2732 3936 3451 1875 5987 
32 3632 9957 9635 9699 9042 8063 2394 7538 9425 615 718 6183 3131 3174 6951 4218 5947 7184 9794 6884 5573 478 9807 4211 4102 1501 6273 7604 7164 3328 1136 5644 
33 1717 994 3312 1100 6382 1600 4165 4314 7375 2771 7755 4055 2320 4101 8231 1452 5426 9197 7733 756 8839 4853 1296 4198 9486 9903 8045 2398 1634 8928 3918 1315 4915 
27 3440 5673 3656 4458 9816 7286 3326 2310 1555 3508 8907 1147 580 4351 6851 7514 8414 9156 7168 3012 3270 2545 5575 3946 8195 6217 5897 
28 3210 4122 8566 7151 338 2622 2489 9554 4822 84 6735 5093 8348 7831 3672 6807 5810 4911 4441 6132 8071 5872 8929 8606 6929 9030 2349 6656 
31 1833 698 7335 170 4622 1740 7349 4880 8123 1516 4844 8861 8538 1483 1482 7088 9232 9570 9734 9671 8269 2639 3357 9245 7263 6254 6317 2938 3421 4422 2661 
28 4805 1040 7581 4279 8250 6411 4282 3100 9973 8815 387 8278 7118 5800 9673 7750 247 9473 7507 8181 118 6774 8192 4271 2093 6184 5953 531 
30 8468 6640 2506 6677 6464 7110 9362 720 6084 7950 7811 3134 1091 680 8882 998 8461 507 8419 9946 5094 6477 8388 9335 181 2819 4762 1369 1946 8385 
29 7760 2 5585 8584 1430 956 8911 9084 9339 1011 3742 1069 2977 7623 5015 7692 8999 324 5246 7943 6314 8473 6122 1570 2778 6327 8484 8744 6537 
30 8039 1021 7219 9669 3836 33 7489 1149 3018 6690 6586 5488 8611 1406 4199 2369 3897 7353 9929 9316 5469 5203 366 3133 312 5294 6490 3652 9918 3334 
26 2583 2874 2940 9073 2085 6125 2058 7910 6309 2735 5770 9651 3812 4276 4129 2110 2270 9511 3052 1775 146 4624 9069 2054 6542 9600 
26 5325 9441 8052 9751 5990 1865 9619 5838 168 1166 3121 9160 9453 514 1632 7208 3900 9373 2579 5120 7868 7810 5559 8402 9481 4188 
29 4980 3911 4808 5298 5868 4093 2774 4348 1620 5514 5592 1915 9739 4045 6772 9666 6438 6621 2492 9480 7716 885 1827 2784 4326 6534 516 824 9607 
27 2381 7487 554 2304 2145 9397 4948 8646 2207 194 5304 5694 4919 1667 5827 2187 2488 5458 9938 8344 4463 7220 8203 9788 4224 6722 5227 
26 3233 4057 5462 422 2236 6826 3803 3341 7664 7305 1589 6025 2354 9800 7757 3594 6894 1514 4362 1443 9074 7518 1288 7965 4871 6511 
28 2711 23 2836 2042 3323 6520 2642 6979 848 3794 3055 1034 6612 877 4637 9560 1789 759 1273 1008 6108 7451 6316 6053 4490 8776 8574 2157 
30 9594 8657 3579 1926 3050 4018 53 7347 5969 4370 2802 6210 9750 6719 4598 3674 9276 1265 483 7160 4024 4569 1857 6103 3354 4380 3161 6842 511 6576 
27 90 910 9459 3524 3623 5102 9121 5556 4885 3850 6191 1303 6701 815 3639 6050 608 2871 2366 2655 2079 8576 2393 891 4674 8514 7534 
26 2209 1817 1330 9984 3536 9097 6874 4229 6344 5603 6997 3356 3705 1771 6841 1511 4470 7447 9271 7530 6467 2336 3493 3663 4540 7908 
26 7674 8383 5156 7481 2048 3757 6292 9762 2961 987 9093 8668 123 1744 9334 4226 8283 7500 2026 2742 9775 8127 640 9025 2448 6564 
28 1062 1531 3746 5520 1487 4350 1012 6300 3388 360 5096 5118 4578 7099 7893 4232 8029 4299 2344 3296 3307 4209 1031 4531 4995 287 6038 7774 
30 8858 8551 7186 7636 460 3 1795 970 5637 3203 7580 9921 6590 8591 2973 1146 3920 7888 1616 2910 342 668 542 661 6499 6660 624 4353 9847 4901 
