500
0 1683 4585 3437 4505 2277 3489 7003 4846 7211 7888 7657
1 3809 9276 5774 9856 4746 6694 6908 4240 1416 1256
2 9894 1678 7561 7157 281 6864 7593 400 2220 6405 220 4967
3 7896 7123 6068 4567 9980 5981 4569 9336 6401 896 1821 952 5722 2732 4186 4277 6134
4 9778 5962 7934 6659 6695 5959 6069 5122 1258 9631 796 7867 8136 1780 199 1167
5 8219 1791 1659 3054 681 2157 4213 7970 4917 4105
6 669 7529 7335 3185 4770 8684 7887 5847 1213 1252 6827 5848 6855
7 9469 7878 5208 8719 2104 8230 3305 8843 2906 3923 3907 9944 8592 5833 1739 4442
8 2091 8288 662 8367 7628 431 9813 266 1133 6326 5913 8883
9 2224 3272 7558 2549 256 4374 9501 753 5263 8314 683 2274 569 2847 9600
10 7467 4984 5568 7028 2378 6461 3333 5142 3959 1065 9224
11 6167 187 755 2021 4839 8823 2317 7513 5362 6283 7367 7733
12 3774 285 7574 3254 4837 8202 5450 6904 3370 6325 3748 7400
13 216 7873 7486 5197 4828 8040 9184 6818 9959 2575 9515 4027 2613 2986
14 1203 7051 1200 5243 7155 9531 2719 5492
15 2851 2122 495 2762 3226 147 5402 9333 7287
16 1810 9969 8513 6820 6310 9437 3098 8054 380 8834 8714 4580 3895 1705 5401 5156 311
17 2835 8552 2886 6414 5641 9358 2566 1194 6415 9632 6270 1238
18 7420 5834 7661 2354 9434 9475 3038 214 1852
19 1913 19 2531 6035 8804 9154 8538 1361 637 3672
20 3113 8028 9069 4070 9981 5310 6577 6581 602 3795 7083 1034 4440 1580 3836 8671
21 3918 567 5976 1171 978 4386 279 7865 5973 3462 7039
22 7315 5863 9958 8660 7370 3635 6943 8189 3679 551 4554 2932 2116 7320 9191
23 2877 5915 9251 6785 6513 8692 7693 8417 1577 6027 1374 1444 6528
24 1433 4741 488 7729 6914 4357 4398 3675 4164 6239 4589 1700 8858 7992
25 6715 1422 7277 872 5657 3805 8929 3766 5179 4548 4790 2891
26 7851 7954 930 97 1405 7316 3636 6339 3613 9545 8056 140 6100 6067
27 5937 7656 6974 1569 9407 6556 3864 6944 5415 608 4692 443
28 9615 4792 5432 1896 3158 9133 8939 107 8215 8531 2850 7401 4350 116
29 5324 3892 6898 2499 1891 938 1704 8870 7309 2266 699 691 7049 9444
30 3981 9795 4641 5660 5556 6411 7996 8353 3330 7158 4417 5052 1962 527
31 6007 2729 481 9132 9066 3451 9586 7075 9847 7118 2105 5303 794 9211 732 139
32 7018 5764 8661 8382 4200 589 78 7427 1160 3491 4455 6625
33 5765 8408 8549 5998 8846 8091 6770 2127 8696 56 2998 3036 5194 2865 6460 9404 7883 8134 4679
34 198 7226 6669 8733 9263 6127 9917 9011 9375 7164 6233 4036
35 4810 9911 692 9702 4285 3127 5069 3833 3493 8174 4083 9523 9270 2904 2790 9244
36 1714 270 239 2360 8783 8074 6660 3399 4414 2141 6302 6532 6347
37 8984 3846 5110 4202 7857 2242 1941 5856 8559 6743 252
38 1812 1045 9053 9061 16 2975 4778 8571 5627 880 5504 8258 5053 5149 7791 3371
39 9458 1829 2879 6576 3544 7443 6502 4851 5222 1742 8628 9467 9075 2240
40 4908 1244 9998 3292 8243 1528 2205 617 9094 4170 4162 734 6831 7456
41 5854 3236 1493 5258 6450 3926 1168 1323 5510 201 3900 1833 6470
42 7634 9457 8778 6063 2623 1611 3320 7404 946 8350 8070 5892 2781 1043 7183 135 5483
43 4388 2088 6671 6821 1358 5471 6757 7595 8593 7601 4432 8867 7773 7072 9848 2892
44 3485 4537 362 6481 3608 4677 4902 9904 5335 2368 5509 3714 4140 8726
45 9946 8551 2620 8734 2034 7983 9576 4586 3891 1109 3633 4909
46 8925 6494 5047 3747 9479 5133 3234 8808 8762 8313 2162 7474 8512 9138 130 1752 427
47 5952 8370 22 5076 9280 5499 4777 9179 7975 1085 4661 8841
48 8064 9143 8414 5090 3719 833 7068 8060 8259 3762 1093 7963 1464 2630 3173 8920 7652 6672
49 8321 8307 720 4024 7972 8932 7899 7289 5809 9552 3091 9311 1655 8918 1289
50 5169 3056 2243 8568 5459 8004 3685 5042 8811 2786 698 1873 4134 8910
51 4508 3435 7670 4914 8281 1480 136 8084 4596 8697 5690 148
52 1320 2459 4299 7007 5830 2859 499 416 2394 9225 3578
53 7994 1994 2276 2852 9589 6609 3454 6551 2108 2722 6022 993 7234
54 7122 615 4298 4406 9359 1801 3225 9473 8277 8169 2929
55 6275 4292 5254 6911 4699 7610 9925 4469 1839 7147 8656 9498 9430 4702 4045 8068
56 4934 8888 5453 6429 7804 6092 4986 4892 8357 5054 5177 5668 4457
57 3346 7368 5044 7783 3374 912 3027 7978 2027 6131 1608 5105 1025 4108
58 2989 3200 8702 9200 2206 6678 9674 4153 9961 2198 9984
59 4253 4450 3283 1619 8585 3134 6485 289 8723 1199 8335 5934 9867 9268 4941 7379
60 9471 7753 99 7924 8688 3274 10 1294 8605 4449 3092 6734 8907
61 9298 2181 9160 2054 7825 6212 2314 4155 1255 6369 1779 4092 2673
62 1096 7145 2582 8144 2225 2313 2921 5101 9886 5438 663
63 4248 6150 9627 5538 6958 2067 1775 9115 4603 820 3784 1798 7880 7537 1657 6178 9842
64 9743 68 4043 5022 7523 3512 1449 8595 182 9148 5251
65 7124 9956 9127 6195 7877 5965 9860 5231 8522 2109
66 5021 8488 8913 4640 2068 3716 1436 3222 3653 5245 5631 7355 1149
67 263 6766 2076 7268 6606 122 33 841 5531 211
68 1204 3071 8465 9343 2478 9240 9832 5741 8153 3643 438 425 9677 6538 8498
69 8709 4871 7257 2269 6282 3949 9227 2470 5032 4434 1926 3528 7669
70 2669 8591 2707 3253 4459 2228 9698 7228 1054 4673 6840 4004 6101
71 8455 6756 9595 6552 6610 1376 3474 8781 3096 8012 1478 9364 7688 5826 354 8104
72 619 5065 9470 6697 157 8162 729 2532 7251 4900 7418 9581 1036 7036 8102 6030
73 4009 1782 9394 5618 8833 6136 3062 6713 476
74 546 1641 410 5947 8324 6664 2765 3644 5932 8339 4691 8893
75 3492 4425 7038 582 7364 9340 7886 4245 6786 7199 5276 2137 3673 6331
76 7063 594 2411 5985 5730 636 1777 4098 840 291 8092 705 399
77 6634 7582 5452 2954 9604 5355 9383 503 6684 9822 7720 1753 7347
78 505 5045 8346 9569 5398 9438 888 1350 5857 6393 554 2900 1534 1871
79 6615 3880 8937 6251 2614 5092 9706 2728 795 3078 9777 9141 2948 2171
80 564 9463 120 7098 5185 4541 1724 1362 6607 8491 9290 6255 3843 4313 3047 5359 8125
81 4809 9519 6780 1701 4502 3910 4655 8770 4579 1892 4093 7438
82 109 769 333 6064 8752 804 5070 3739 3590 8137
83 2506 9321 1716 8422 8817 1553 5356 1505 6351 673 6044
84 504 57 6701 3119 3749 331 1240 5514 1352 3085 2611 7615 7507 9023
85 7258 4475 789 7577 2069 555 9104 4966 4861 1103 517 4730
86 5708 4218 525 8354 2007 5143 5074 2385 6382 9844 4539 8043
87 4263 5405 4308 2081 6535 4907 3285 1589 869 7378
88 9587 2509 1638 6176 9034 2417 6418 4082 4284 4845 3208 8739 5862 8343 5412
89 8419 9083 8876 307 8342 2033 8466 7207 1455 8934 4904 4694 5162 4462 4342 838 6054
90 2359 6866 2256 7365 8682 6539 3147 8796 6586 1748 367 4801
91 9670 7351 7262 3854 4372 2547 7673 2827 5849 4323 9971 9114
92 2710 8185 5009 2245 6949 7843 293 59 5999 4514 1958 2970 6254 9713
93 8654 7841 6931 577 3917 7543 1805 1961 9508 6924 6137
94 1022 4706 229 7128 9157 7332 530 3151 650
95 9406 6688 3010 9149 5881 2991 9004 2528 6746 376 6982
96 1312 5343 7169 931 4130 6500 8250 9326 189 8583
97 963 5249 5782 7982 2898 7000 1261 2026 7551 3422 7087 5326 1496
98 4843 6812 5206 3904 1901 1407 3575 4796 2374 1732 4230 5674 3605 254 9380
99 3229 9967 7820 966 1364 2030 2497 1603 6346 4750 5111 1940 4231 9385 7744 3586 4824 2340 9139 2155
100 8168 6052 4635 7554 2796 7286 1767 4592 7862 5578 5520 9354 761
101 8965 9159 8244 6774 5200 1095 4064 1223 5648 4076 2062 5193 7219 4107
102 9350 7900 2309 4221 5724 3987 7682 6296 8305 208 1463 3349 6141 9107
103 6702 8082 5850 6779 9291 310 7131 1730 1492 3865 1507 5388 444 6895
104 587 7391 9183 7714 6508 1676 7132 3382 84 4340 9442 726 2652
105 2977 3434 3936 3143 8452 2628 4348 760 6278 1082 4832 4919 1658 6613 813 1353
106 2916 3707 827 4322 5455 3450 6220 7649 1933 2773
107 2637 4609 1508 1326 3350 7717 1616 1469 7259 866
108 4312 4995 1726 8131 8995 695 738 9937 819 3417 3073 3561 9323 472 5606 3146
109 8695 5508 9360 2248 5687 4681 408 9517 8316 1898
110 8379 7687 4973 4302 5080 46 3144 1049 2406 7847 1897 9538 8988 9584 8663 7285
111 2840 4259 7047 9772 6602 1707 2187 7526 7568 1184 8945 583 2003
112 3217 1832 1757 7013 1927 8361 5725 7775 4997 480 6571 5421 1822 7133
113 9810 2212 3779 277 4674 8356 9999 2132 9329 8589 4529 2304
114 4427 9550 5129 6819 3962 3184 2255 5951 3497 98 4486 5583 518
115 5900 364 4185 5792 7921 4391 7798 1143 133 2028 5964 8121
116 3852 2969 9762 5771 8646 2200 6873 8587 5428 8852 1154 3509
117 7945 6328 3427 5196 3125 9010 4491 1502 264 6764 8928 4744 3215 8431
118 586 2631 1712 7897 2219 8138 9681 6028 1032 7786
119 4551 682 4050 4663 3430 9412 3560 3375 1000 8003 1916 1105
120 6263 8096 8396 5642 9927 4564 9410 1024 7790 649 776 2239 3513 9688 3376
121 892 3041 3824 9371 5958 5943 4382 5561 6825 9745
122 4115 8873 3122 9423 5108 6118 2941 403 4680
123 1593 1239 4426 1516 7306 2584 7754 8252 4131 3167 2612 2182
124 9095 2233 2819 6318 8075 2012 1935 1514 634
125 1321 6397 6589 1004 710 3131 2311 6879 9260 5910 8109
126 1547 6627 1016 1612 2283 4888 4964 3532 7203 1549 3725 7029
127 3534 8231 7366 6612 5157 9079 9128 5454 9255 4007 8848
128 9382 7893 2657 6601 3397 5103 900 9447 7638 4220 6360 477 4314
129 1772 8127 1830 4764 8510 7480 1631 7220 1795 4188 8325
130 2424 6080 2166 9155 6700 9312 2438 8132 4465 4002 3331 3541
131 5236 5063 1035 3316 3947 2213 7 3687 6966 340 3678 1104 5966 492 5095 6187
132 3112 2196 7225 9357 4864 1623 7472 5255 2310 3573 2857
133 4872 5158 9814 5128 9153 9455 6237 2223 9775 5099 7709
134 7869 5963 3279 5836 7440 4229 1696 4720 1324 7221
135 2244 9101 704 881 4368 6442 4625 9769 3992 181 8030
136 6055 1486 4488 6844 4209 8720 3182 7213 8558 6619 715 9089 3432 5748 2121
137 5878 2004 1304 9140 6413 3979 8977 8718 3855 9807 8601
138 7528 1818 8760 1771 3186 758 5681 92 6403 394 7782
139 9074 4583 7672 2072 231 9857 9362 3794 6103 6348 1354
140 9648 1652 8911 7734 8860 3812 1881 8203 8795 3638 5003 5768
141 4334 5767 9247 8197 2441 559 2953 1138 7137 1662 3464 9071
142 5146 6776 9161 3001 8556 1609 2703 9050 9297 8784 6986 4176
143 9118 9796 1224 7961 6560 1848 4393 6380 4552 2073 6753 2927
144 9939 1217 1370 2567 1052 9062 3473 8525 4269 4591 709 4958 7012
145 9721 3825 7708 6992 1380 4581 6431 9015 5873 5297 8853 1061 2603
146 9123 1440 6215 7956 1186 9907 2559 4044 3941 87 8710 828 1153
147 5350 5529 7745 2098 4987 4167 1583 4332 3307 5693 5897 6024 2670 450
148 5338 9174 1531 5118 8581 1536 6140 8609 7674 7153 2290 3248 9285 5643
149 494 2912 5804 6003 2451 8063 4954 6883 3262 9780 275 2439
150 7106 8630 8845 1878 2087 7281 940 948 3531 9190 4719
151 9402 8072 2550 3000 8825 2918 2525 9206 7179
152 2009 4451 5114 8658 2265 6999 8100 810 1319 8400 6909 1206 7852
153 8820 6583 53 7931 7788 3902 1825 9714 241 7960 3468
154 1882 8019 36 4159 1 8424 1982 7232 8543 5889 1246
155 4627 8065 1539 2804 3183 5265 5832 27 2190 2619 2084 1535 9215 7517 76 3877
156 3120 6572 3102 604 4032 5526 1191 9170 70 1510 1800 6225 8899 7806 4377
157 3345 4637 3439 4410 2373 3753 9196 6749 6366 3718 7952 8428 9931 4129 8212
158 8973 2831 5982 419 6578 2914 5922 8839 6437 2856 7650 5153 6487 6373 3932 5437 3012 7997
159 7103 8469 5126 4930 2934 2048 6004 4842 2644 4402 1731 3240
160 1250 7928 7870 5357 3844 7387 7384 5721 4099
161 429 5250 3198 1522 4622 2881 1943 4688 9466 4416 4385 2005 6687 6547 8406
162 7279 3929 1234 6629 3039 9003 2940 5152 8957
163 4206 3752 2943 8383 1023 6788 4976 8403 3480 5242 2533
164 3093 4461 4599 6722 5546 3737 2680 6704 4862 9947 3081
165 8871 1477 8580 2136 1556 6109 8297 4296 2380 4942 7409 7651 8254 3630 6049
166 4338 4428 6133 9267 1051 4295 9234 5629 3663 5794 9649
167 41 1746 6919 3324 2797 3421 218 8052 4504 772 3289 272
168 6090 6548 6177 6751 8704 2811 451 9755 1661 2976 3163
169 8563 9525 8518 4085 371 4470 4100 620 1991 6676 5979 6692
170 8480 7343 4483 9342 3263 9514 5805 9622 1347 6922 7756
171 3906 2504 5532 7161 4329 6441 348 6214 6020 221 7413
172 7143 3587 8291 8689 5593 3187 2111 3882 8477 28 8451 9898 6196
173 2289 2895 2079 1509 2057 3885 4234 4711 4169 1500 1328 7711 6729 2878 7278 7200 6424
174 8112 1248 1836 4293 9203 6317 788 202 6018 7099 6082 5784
175 6010 7473 1453 3317 4943 9929 2462 529 7140 7253 7030 7519
176 194 8393 5995 32 7328 1087 4520 5931 2371 2402 1904
177 2587 3963 5601 9019 3994 6410 4889 713 6249 9659
178 1766 7236 9102 9441 1495 685 4704 754 1010 2739 1647
179 1468 6138 9656 9707 8163 9683 8810 323 7196 2361 1570 8053 1557
180 9815 8336 714 1759 4380 8363 3362 5554 9243 3 5235 5030 2791 9829 4985
181 5420 5713 5644 2409 9042 8223 2736 6603 797 3193 4518 5747 5664
182 5595 4644 4924 7005 2837 4716 1865 1656 8449 319 4847 3781 9040
183 7816 4701 4922 4219 8051 4533 2530 1074 1969 5785 2426
184 3110 7579 5433 1421 1067 3339 8604 6719 5930 8537 4477 1578 3343 3409
185 6017 8107 1590 4306 5207 6642 7270 3565 7348 3883 177
186 4139 3046 9548 8021 580 273 8117 8392 956 6048 1140 1592 300 5904 7511 9219 5656 3074
187 923 5938 5736 9345 4981 3105 6736 62 8856
188 5582 8384 5837 5835 6792 690 744 8565 6104 8875 3231 9720 730
189 8435 7660 8679 8182 1874 9620 1565 9918 9006 3743 5548
190 885 1222 2674 9909 3729 5549 6716 397 3297 3768 118 3251
191 197 8889 9771 1447 3740 5411 6345 2321 5112 7895 3084 8437 4494
192 58 6520 4487 521 8420 3931 6032 2960 3890 7807 8807 1031 246
193 4175 520 8677 9063 1369 601 8868 6071 7993 8550 2040 8931 3312
194 4890 6152 8960 3978 4555 9261 8002 52 7291 2785
195 2287 941 684 4543 3896 458 2472 6338 2979 6836 5150 8248 7001
196 422 7501 4522 3741 1119 4550 5923 8657 8011 2393 7968
197 2011 3732 3547 6184 2258 736 3802 1773 5673 733 9287 7622 1348 6404 4855
198 8201 2967 9166 9043 1271 7107 8746 9618 5858 3661 6970 9480
199 8900 156 4113 8948 3029 6587 2754 5037 9705 5385
200 411 6096 6865 8349 4136 6777 908 9994 3518 3202 9871 7085 2902 3377
201 1842 4128 9487 6732 4687 4857 4467 5220 6066 3318 1267 7710 7874 7732
202 346 4243 2376 629 5653 1806 3952 2841 4429 4500 1741
203 5935 8118 8787 9896 3549 7679 7728 8204 6605 5203 4524 1698 610 200
204 5640 8261 423 566 3922 1819 8629 1395 6464 5899
205 8208 2428 1192 1857 4996 7838 297 547 7092 2875
206 2164 4278 6244 8818 3735 8562 1218 43 6390 6956 1307 2624 13 652 660 5896 2158
207 7223 7383 2460 3771 9744 5968 3667 1959 8333 9837
208 4489 961 3325 8315 3920 3162 4373 3600
209 2829 3335 3548 1513 711 5376 990 4624 9930 1581 6889 5704
210 9242 6782 3666 7100 6389 539 4409 6130 7815 9952 4932 2907 9580 7055
211 8500 7407 8727 4095 6759 8943 9962 3546 992 6611 6258
212 1595 9573 9397 3288 7760 8308 1278 9877 9503 7576 5638 1383 7053
213 8772 3246 8627 315 282 8473 3772 2747 9283 2120 523
214 5299 7117 1120 6180 3268 9996 1918 823 1562 548 5012 5349 8686
215 249 1437 3352 6370 7197 656 9065 4052 7208 5694 7064 5961 4453 550 1476
216 7765 1888 6503 581 8680 6128 6953 6564 5167 693 5551 2618 9979 6458
217 6016 659 3329 8963 3519 3628 7727 3495 7780 7920 1750
218 3734 2301 9272 4252 3641 3123 7025 7254 2332 6519 1987 7864 2643
219 1046 6852 1205 7460 4526 7916 2038 7441 5610 2333 5507 9014 188
220 5480 5088 369 4528 2648 4709 8108 3401 887 4016 6662 4676 4763
221 2015 3018 433 5940 5048 2560 3141 2945 5311 5734 3304
222 4774 3295 7578 6107 6211 4247 4233 2043 7304
223 8779 117 3808 9793 1688 7218 1598 3539 3025 8180 9893 767 5189 7429 3543
224 6703 160 6037 5984 5555 4519 5496 2416 79 3267 8649 6021
225 7345 9052 5705 4812 9449 327 9236 3440 1124 9029 8599
226 3767 6 974 6276 8980 3598 7074 9482 4602 2058
227 4689 2926 3527 5266 3445 6285 6297 4133 4320 8774 7222 2660
228 5191 7059 7690 4868 2185 9056 6163 5787 599 3366 2412
229 6903 2748 6907 1567 4193 1391 7283 6938 874 2908 5447 6698 1414 2599 8218 8539 9990 2858
230 5018 1895 7999 8590 3142 47 4412 352 3006
231 5581 943 1663 3591 2161 4090 8088 4736 7395 1118 5494
232 8385 3928 9923 2713 8046 7187 3282 6501 5786 9965 126 2444
233 7301 7104 642 4713 8347 3691 8242 7356 5953 482
234 678 9733 543 5865 4013 8681 9588 9806 2401 8805 9289 7439 9126 3866 6765 1668
235 3619 330 3080 2577 8445 6154 9644 4367 9897 9766 3365 9403 2414
236 9819 9427 9331 3424 9667 1566 4867 5550 8944 3703 6486
237 781 8909 7017 800 6876 9496 8946 5221 2973 2923
238 3264 2126 5136 3914 5181 484 8981 7193 3020 468 4848 9112 5386 6280
239 722 6723 8249 4073 9625 4646 749 5712 951 4803 6061 8776
240 1634 1604 8158 1257 2526 5120 8809 9740 7190 928 5770 5752 4957
241 8048 7705 1840 6952 3327 9328 3856 5017 739 6459 9719
242 6979 6646 7839 3689 5530 748 6860 889 4897 2771 5635 2418 5117 3395
243 4911 5036 8426 4775 6088 8159 8239 2294 7591 638
244 5087 4143 9641 2139 1591 7303 6598 4632 1723 7033 2349 8484
245 7463 3419 5495 8390 271 6444 2570 9222 9737
246 1649 1499 5424 49 9594 848 777 4593 2119 7433 7252 647 1625 1774 6675 2489 4180
247 9510 4700 648 9974 2285 304 166 8916 3354 8648 1666 4626 8150
248 5264 342 7468 5423 1681 5035 6934 5370 6308 9367 2183 2263 3665
249 2251 4656 6425 8898 6089 7488 4490 387 6116 6652
250 82 5125 3117 449 5015 8038 7446 6880 5484 6463 3358 2327 9453
251 6730 1965 3121 4614 4732 2880 3348 9209 5187 6466 9988 4558 3728
252 1983 7913 562 1443 612 2180 507 6787 6496 5607 205 7979 787 9197
253 8057 3296 6741 7174 2727 3359 1302 7040 104
254 7625 2650 2147 9504 7763 7462 3499 9119 8742 4261
255 9150 6224 1349 9890 486 292 183 7985 8989 4574 178 745
256 6300 7516 522 3140 6618 7726 2639 8610 7856 8584 7125 8193
257 1247 6040 808 6242 707 3834 4729 1665 3009 7738 1042 2871 829 858 3823 5902 3894
258 1053 2571 9306 8669 3686 9585 1912 4474 2211 766
259 2913 1089 4441 38 5352 1684 7749 3826 1291 4356 8912
260 3971 6877 421 1132 4264 1236 7224 7570 3338 8529 2802 977 4352 3602
261 8227 8194 4184 489 790 8903 4207 4423 7737 3827 5948 7357 324 2905 4531 6537 5097
262 5392 7034 8207 9546 3411 2527 8674 3776 2553 2135 4717 8756
263 7536 3969 9614 8214 6402 9103 9491 1403 61 48 1346 1081
264 595 1587 5323 1919 2957 1269 9082 5278 9201 7405 8566
265 9696 3649 3760 9951 9602 2495 851 8780 7417 8620 5286 8794
266 7860 4776 1506 5566 9577 9459 9802 9608 7423 9093 4063 8990 9567 8265
267 7527 3674 7261 1770 6680 8474 3291 2241 5225 1602 839 5446 513 8332
268 3168 920 9092 9164 6248 6125 1063 8655 7141 2823
269 1212 5060 1807 2597 233 2061 6620 6833 2501 3676 6240 8095 955 1515 9230 8183 935
270 5238 6005 2678 356 9554 5994 4227 1126 4435 1330
271 5175 4768 1899 2585 358 9966 6661 7872 9335 6531 4834
272 3459 9125 1006 8737 8616 2010 2899 856 457 8685
273 4559 1064 2436 6859 3015 8732 4754 3956 1076 2632 9993 6566
274 5079 5614 2816 1027 2226 213 2990 2541 950 2156
275 5182 2515 9221 1071 1393 2776 9799 9851 8738 5843 6851 3379
276 4029 5000 2937 3579 7185 2452 7663 9282 4472 3576 5176 6046 6123 6355 9803 991
277 6689 9108 9193 6036 2149 5864 3572 7089 7948
278 593 2089 6805 4782 4249 9493 1876 9370 1787 6371 9248 1721
279 4722 5812 8851 2267 3696 6135 5688 5675 5282 5623 9301 1343 4199 4311
280 6921 4794 8857 1221 3925 1170 8536 7831 7317 9928 8487 2662
281 4807 8478 407 7810 9764 2355 5239 3511 8930 4066 2455 4951 7965 3207 9216 8832
282 5739 437 4536 165 1992 4638 8115 1459 7588 5082 7987 374 4433
283 2382 4273 831 9018 2946 1110 4939 4481 3990 9651 4458
284 9757 9176 7194 8641 5691 5760 9953 7974 5866 2343 5525 985 7740
285 9060 3230 5397 563 485 835 3086 8673 7235 4590 7701 9738 9369
286 7964 4365 2056 1802 2023 6091 295 1214 4685 1164 5406
287 2457 4758 5170 6518 3567 9975 1993 5395 9266 2052 5190 5307 6797
288 6383 1907 2557 8287 6918 980 6043 8827 7004 6222 7382 6696 3050
289 9977 864 7797 2539 7854 2733 9528 5632 9509 4705 854 1249
290 4620 1461 3623 7891 6145 8785 779 4739 6916 1682 2617 9834
291 161 4142 3944 1885 7129 3508 7322 6230 5870 2114 3336
292 9662 4464 3765 1697 7739 6983 2102 174 5519 2753 9044 3429 8594 1175 3004 7699
293 5488 8071 6162 8181 3682 970 6083 5801 6422 4109 5983 782 8812
294 9597 7908 6174 9673 7939 7647 7110 509 3323 7547 102
295 7138 25 2805 1484 5435 2480 7237 9218 169 4171 3831 1163 9872 2063 7044 2407
296 6456 1079 7759 2758 7019 8340 1115 4280 9229 884 5465 6363 3303 9518
297 6058 3618 807 5283 1359 5321 5419 9653 1048
298 8101 7230 3287 7715 2133 9949 8260 4666 382 7302
299 113 7549 6742 7890 6553 6522 8032 6186 6891 5916 3967 1546
300 173 2448 3408 5344 9332 8800 3372 6555 9421 3114 8391 1379 1387 2583
301 4068 8955 4195 8885 6761 1582 7573 1146 6850 1341 4056
302 105 741 2272 8042 6357 4370 7805 1999 4424 7454
303 5476 6856 3138 5919 9076 4250 9334 9425
304 9045 2471 125 818 1854 6301 8577 3149 7026 2605 3410 4399 6744 2128 3982
305 2959 5945 4532 9165 6266 549 3592 6997 132 2413
306 986 2922 6160 8560 280 3799 4879 237 9308 541 8722 1524
307 8024 9341 145 3558 2247 5810 7659 1412 5590 9831 9983 5353 9271 8462 2704
308 9185 8970 3334 8494 4693 7525 5056 4485 3118 3625 1410 238 5445
309 9422 50 6969 9319 7011 773 5041 8351 4988
310 1883 4849 1788 7015 3790 5671 875 1736 4141 4401 1600 4975 8573 3023
311 8708 8378 588 7863 8625 8847 8199 1838 5565 2260
312 5585 1197 1720 701 4473 1636 7231 2788 5894 3021 7504 6875
313 9833 770 598 1719 4651 533 9494 4448 6295 8328 4183 4418 6499
314 1501 9088 6126 5469 9859 3857 5868 4006 8097 2545 6617
315 2235 1699 1073 5119 4880 467 4535 5073 2885 902 3664 4047
316 8298 721 2363 5678 2427 508 1174 3850 1474 7581 8887 9199
317 7458 6256 4001 6232 1551 9175 883 7388 9432 7381 4785 5387
318 531 2935 8511 9906 9233 4369 4038 1889 5115 6913 1651 4034
319 8099 6324 5154 5620 9204 8806 9657 1540 9456 2721 3504 2666 1134
320 8472 4058 6717 2642 7746 7624 4242 3815 1017 4760
321 7470 302 1002 5174 389 7452 7016 9679 8247 1560 6306
322 4566 8155 592 9411 2319 3219 2887 6081 5139 5841 3194 3950 6447
323 2573 3604 3954 1435 2873 630 2795 4766 7950 9484 3717 9852 1125 7296
324 9715 5498 9555 4217 9054 1426 4993 2512 6709 8499 6683 7434
325 4035 1979 8381 3367 4495 1673 2071 9146 5223 3574 6863 2350 8908 4020
326 6273 6981 1050 6936 1288 6648 3284 7676 9932 606 1141 3942 780
327 3484 1938 2335 5763 6298 6884 4138 2369 3273 8822 5756 3584 3261
328 989 2770 9502 7311 7550 9232 1445 1890 2020 4060 3104
329 7487 4256 5057 2708 2740 5842 2315 9579 2130 7827 3433 2437 5448 2962
330 8006 3361 1533 4956 6720 1709 3479 3803 1165 4378
331 2807 1764 3526 6426 623 1472 1232 4330 9361 3013 6445
332 8364 791 335 4547 143 2080 1954 8111 2767 2764 6861 3905 8293
333 1365 6925 3522 7721 5755 9563 9774 3770 6361 2172 269 6584
334 6575 2565 7284 7475 2600 8486 4069 37 5887 5740 1057 1151 4969 5096 1571 4151
335 8962 7344 9379 7613 3115 4196 5439 1743 7353 9348 6226
336 578 9338 9226 7932 8745 7587 2201 9699 9846 2647 7093 2915 7267
337 1237 8432 1389 936 8813 5573 2593 655 6530 3199 1446 4343
338 6763 1428 8504 6635 7723 519 9779 1921 4787 5098 4246 1784
339 5697 6475 2702 8767 8380 7149 1029 402 9541
340 3498 9098 1075 6391 731 7062 4752 4341 4765 4799 8402 1055 3332 7861 1629 4731 454 1869 2288
341 5375 8192 1019 7686 8576 5827 3178 3233 9292 2447 9828 6712
342 4331 5666 3788 4653 4806 4707 6312 5746 2634 2485
343 301 1911 3319 186 9599 2391 6870 83 5542 6888 9096 7949 7240
344 1003 9275 4901 3516 4452 4355 265 6592 6912 6448 9989 9598 6482 3521 5762 3758
345 1336 6189 2730 7300 5268 7662 4054 9189 7498 8352 1276 5422 3405 847
346 821 1710 4771 2546 6804 5284 1106 7479 4633 359 5427 6735 7845 3106 4501 8644 1299
347 5522 5305 1561 6223 3049 945 219 3472 1826 9845 6890 3256 1059
348 8548 5093 3722 6006 9789 7398 3595 5004 7482
349 8496 5477 2101 4125 7464 8792 579 1618 959 8844
350 8001 5008 4161 7730 5986 9386 8232 77 9892 6608
351 5588 9318 1789 4698 9302 8399 3654 4135 6762 5033 4835 1498 7204 6428 1934 5880
352 4160 1285 7619 351 8233 2768 3503 2638 4360 8116 7191 6793 5322 4286 2699
353 294 9307 7151 7976 1729 4124 7667 7338 1216 6467 3801
354 6546 8933 4811 8482 392 5883 2961 8039 8205 6945
355 6158 5936 3357 1489 5463 8503 1281 3250 3858 8882 5408 9443
356 1963 2492 4863 524 917 8966 3407 2664 6957 3626 9113 6630 4959 6153 925 412
357 6221 313 9186 3017 7697 3381 8721 2170 5679 9478 4893 4923
358 206 1814 2869 3542 3426 852 4912 7795 6964 196 9881 5639 9265 5917
359 7817 1088 4953 7793 2252 6045 718 6862 6658 3851 2760
360 6294 9300 7022 6151 9277 8323 8507 7238 3807 1660 3811 8235
361 2491 6247 9768 7494 2568 4187 6641 5361 372 8467 2615
362 5702 9570 3393 464 5368 1998 1828 8022 1327 5137 9507 9540 3380 8375
363 2086 9960 9687 5743 3818 1834 4612 2825 8862 8626
364 2592 8471 2803 4896 7943 4268 9853 9194 9902 6000 5992
365 2690 3974 1318 8253 7445 3510 603 2273 2124 9861 2232 5340
366 5168 2216 3908 506 9936 3204 7510 7500 5744 876 9349
367 5260 1937 667 1322 3060 5460 8371 806 2118 9534 111
368 3180 3034 8423 3611 55 3438 3715 8992 7428 1091
369 2065 3876 6932 2911 3839 2756 8282 9081 7969 3889 1177 2117 8748
370 1273 3879 1626 8691 5820 4660 1630 6399 1210 9607 9903 640 7120 6778 4728
371 1166 4321 4146 5711 1245 1137 6314 7548 6962
372 5148 2741 3271 5038 5257 6814 7065 3353 5912 6015 8196 5838 4168 3007 1555 8439 8130 1121
373 584 9238 5306 7210 5373 4351 570 9751 1601 4026 2775 665 2744 5860 259
374 3556 370 1159 7986 7735 2486 9559 631 5647 9436
375 2792 7988 8264 2649 5107 4936 4371 1585 4303 6011 937
376 4657 4148 9389 1100 9854 2025 2997 4751 7769 2540 4606
377 5332 1485 573 8997 4630 9876 4283 9776 9816 4400
378 6498 1504 2606 3745 6168 3650 7415 6510 6536 8515 1552 1482 2685
379 7201 287 7958 6241 9513 4804 4786 6238 5144 1525 6817 6161 625
380 3621 4110 7564 4826 9729 6165 9926 5285 1329 9281 4670 1375 3103
381 919 798 6274 6927 9020 2920 622 9131 7243 783 4510 3870 2019 7575 17 2679 7545
382 3859 2024 8433 6309 4793 7884 5613 5010 7177 2978 3958 5500
383 7294 1635 7009 7927 6210 498 5472 2939 2493 5821 2175
384 9972 6288 9686 4174 154 7484 6655 171 3533 5467
385 4127 1526 6454 607 5651 8901 7374 9130 3662 2421 2724 1512
386 9041 611 3441 5545 9571 3005 242 9393 4523 8880 6014
387 2661 9512 9286 8031 15 6839 6968 4336 7844 8025 6372 9521 4210 9709
388 9533 3757 3286 1906 5699 5569 9765 8788 6423 2467 4325 7307 8754 9970 8386
389 4881 5672 4014 7596 7031 2950 3998 1155 432 4878 3507 4647
390 3903 8303 6887 7599 8120 8044 572 2888 7331 6491 8337 5523
391 7937 1033 5043 5859 689 1642 2751 1887 2636 6523 9007 6978 4326
392 230 4454 9057 2746 7455 4540 2516 1308 7342 1884 253 2543 1058
393 7772 9912 453 2580 6654 2572 4335 1936 1694 8947 1292 1670 898 6771 2 979
394 1438 5622 6643 7640 5872 8790 2275 5135 5262 3265 4456 5700 2423
395 7045 9694 6170 5127 5462 8757 9416 7562 6636 2476 1761 1758 2001 3111 1117 321
396 2686 947 7698 4039 2769 8864 6653 893 8217 1870 4929 5735
397 2049 8401 6822 4119 4735 5539 3388 9736 2445 3089 2569 4055
398 6340 1900 1028 845 3423 1242 9526 3043 8450 6585 2432 6604 5365 7266
399 3690 9409 4781 7724 1432 5399 3241 2494 4755 5497 5104 5400 8600 5942 2475
400 1856 2362 1086 3694 6557 8514 8485 3997 9254 2502 4212 676
401 142 1968 3490 5905 2854 8951 3458 2159 6034 131 5933 7146 5898 5248
402 3816 8865 5281 2503 3946 1254 2845 9172 4938
403 1537 751 8974 6901 9506 2695 687 5086 5793 9426 6758 9758 4011 2322
404 8557 3985 6025 7875 3389 2466 3156 7695 8768 5997 1411 9465 6899 5869 8716
405 3442 1450 7602 8310 2595 6465 3425 8146 3052 5599 5172 9464 1975 1182 2264 7280 3079 1763
406 4877 7168 6965 6142 1368 793 3083 9454 9013 4517 6029
407 6164 6362 9701 3174 9027 1905 1209 6245 2693 4852 6227 6677 1866 7290 9968
408 3828 1760 9084 1675 817 2377 3810 9781 5440 8456 2579 8224 5788
409 8666 6074 4274 929 7621 6384 9992 6794 5773 8653 3671 9036 4928 2735 1956 6737
410 2097 9245 3680 8975 7111 1279 4198 3669 3631 3915 1344 7163 6967 8062 8005
411 2766 4678 2372 4980 7758 2556 6086 1708 3095 1550 9933
412 2725 9739 5475 1094 2482 8427 4814 2389 115 469 8747 9565
413 8255 5501 4262 7823 7636 9295 3126 8884 7514 3819 9129 511
414 8923 916 2165 2832 5217 3040 5315 2656 5729
415 556 2700 1981 8547 1541 9527 6433 5244 3553 7274 2051 5006
416 167 7879 6479 1280 643 9654 8016 6972 9116 7597 4756 6359
417 886 8849 8093 8329 9073 8087 5430 6707 6509 8826 5061 4446 283 5216 2810
418 843 9499 8171 9490 2889 6910 7835 4319 9488 3873 7239 4236 5612 3830 9032
419 7271 1041 4061 9835 8241 6706 6838 8497 6516 7216
420 2552 9339 6243 6113 8803 7041 1402 4885 2838 6545 996 6376 6497
421 1564 5274 664 8703 8460 6156 7680 5280 3363 7105 5451 2422 6920
422 5806 6998 6926 4042 8236 1745 226 3842 153 7571 2292 2345
423 9347 9356 3957 9366 2610 1643 2717 9035 7393 9090
424 1915 763 5766 6203 2561 4366 9558 7469 2574 8470
425 3593 7666 7505 5308 5975 7617 3347 6800 8220 8355 842
426 7633 396 2616 6597 3655 6772 9634 2342 88 7067 957 4527 7736
427 8743 903 7957 4726 3912 9031 8983 3436 5464 4362 4664 9178 6534 7902 3032
428 8206 9663 7346 4137 4594 7115 3087 8968 553 5949
429 2352 3075 2591 414 4049 2339 9613 9568 8976 1690 8387 5677 9374 8495
430 5491 6679 6474 8574 822 4940 2075 5552 8687 2257 4743 6549 7521
431 69 2160 1417 2186 8553 3637 461 8483 5337 6190
432 6002 7881 2799 6563 915 1558 9603 1797 5506 7069 4317 6075 9731 8618
433 1161 1930 4821 6286 5800 278 9680 6533 9818 9628 6327
434 8008 5241 4747 1966 2903 7648 953 7202 8728 6937 8554 7565 9669 8814 9461 7422 7431 3077
435 3502 2215 159 8306 3898 4882 2876 3993 7631 7774 2774 5272 225 1145
436 2868 2337 6569 7180 3791 5161 6874 9068 7406 8998 973
437 9288 965 7947 4761 3058 4621 3874 3385 6699
438 3695 128 2082 8041 8263 4316 1147 9440 1152 7779 8798
439 2146 7071 7035 383 5907 4850 6368 728 3313 7589 2113 719
440 6478 6299 7021 377 4030 7170 2388 4290 6809 447 8284 3783
441 8763 8712 465 2358 994 9606 129 6023 968 5002 5544 5636
442 2535 1406 398 7592 9899 716 8010 8670 1309 2783 2692 8506
443 6948 6354 110 5726 8083 244 7057 1190 1162 9462 590 4642 4071 4364 7056 1150 420 2555
444 2329 6893 8280 7061 2217 9910 5536 7700 1691 7713 7333 5341 5715
445 3258 658 8569 2481 1952 2824 5487 2601 8579 9748 703 7349
446 7718 3364 7980 2529 1674 9785 2152 4181 3550 4079 8638 7481 5458
447 512 1013 3055 7962 8799 4297 4667 9830 5369 2090 4815 6250
448 9024 5374 7620 6988 7909 1139 9862 3886 4797 3390 3249 6236 8140
449 7102 1355 180 6026 2092 2548 1018 1080 2712
450 8836 9976 6085 8959 4359 8859 3848 5955 5808 6367 318 5292 778
451 9963 6667 4318 4476 9915 2862 4182 3299
452 8164 7493 3133 3759 6217 9838 7722 235 9086
453 4232 5517 3813 2395 2938 2450 2538 3066 6570 1284 2261 2324 1984 9299
454 7540 2356 5 9773 223 9900 9303 7339 3356 7929 5064
455 9258 3228 1262 193 2843 9841 1786 4017 1859 574 1339 7751
456 2351 4613 5598 3523 4012 2477 1951 860
457 1706 2365 7750 2521 2297 9553 6731 4876 5950 3469 552 6621
458 3706 7195 8493 9293 6685 9812 8421 6387 163 7165 2761 2070 8786 5637 5295 6453 8069
459 6755 3557 3995 1606 3937 3414 2896 5584 207 8067 9418 5751 1931 4333
460 1488 3206 1015 5560 2621 6181 5474 339 1794 4965
461 6421 7192 825 6990 3568 4817 7506 7849 3867 7329 9387
462 9724 3698 4288 6400 9001 6596 1188 6881 8309 8033 8830
463 5717 8344 557 2772 2214 8179 7094 2933 5100 4482 6651 1465 1066 3232
464 5516 7020 3481 6443 8902 6218 3699 5825 3476 5609 6917 2320 2818 5775
465 7776 1303 8517 4019 149 9396 7910 972 9144 6271 2983
466 8759 2381 500 5094 8373 9368 2018 436 4460 8881 3869
467 89 1632 3792 7509 5579 6930 8835 7206 7173 8706 9624 1575
468 7991 5851 1357 2994 7653 7522 4430 8283 4994 3520 3656 1040
469 4046 576 1372 3588 9557 1679 9760 9592 3444 4672 250 9483
470 2145 6747 6885 3702 3418 5228 3019 2115 2999 2367 7485 7787
471 1007 7832 5049 9051 4512 3652 341 3242 8434 2383
472 1070 5325 723 9187 5650 8872 3235 3924 3213 8961 1044 8345 395 8994
473 6012 6106 3693 7112 2882 4549 2928 2453 6622
474 855 1713 1820 2554 1572 2479 6811 6430 4102 9256 8268 5333
475 4875 6084 21 4948 7747 8106 830 248 6194 8637 8534 7336 2415
476 7919 6205 3991 2449 6806 5956 5908 2968 8987 3887 2578 1607 933 9405 3782 5921
477 9630 6760 5576 2510 5204 7808 6527 7966 2676 405
478 2484 1944 8398 1072 4075 7524 5102 9643 7310 5178 7630
479 712 6408 3416 585 8647 2782 9304 3255 2705 7176 5720 6265 9055 6060 1790 3964 4431
480 3684 5745 3063 6484 3559 1471 6480 3764 1986 9685 1078 1335 478
481 7882 805 5058 6079 3014 5171 8145 909 4396 6114
482 8613 3220 8509 8764 2590 6449 4798 9787 7295 7116 6457 8797
483 6512 5434 1211 3913 7166 9169 2709 6947 6381 3724 460 9167 1195 7629 4561 7126
484 5201 8114 5363 1928 1781 306 7273 6996 702 1845 9476 6292 5783
485 5874 1722 1452 7392 9500 2093 7858 7249 8292 3835 479 3157 4962 9008
486 3275 5505 3551 5592 5291 7535 6674 3166 4022 9214 5138 8209
487 4682 5906 7354 7127 9317 1409 5683 6111 6353 861 6984 8528
488 119 6051 7946 5213 2861 6059 3107 3688 2268 4884
489 5449 7685 6632 3554 8915 7684 1554 4572 7742 8652 3899 5072 1263 1429 1846 5219
490 785 4767 2596 2798 954 2280 4057 4597 7086 2980 4241 6550
491 679 9120 5413 1929 6268 3196 6740 4795 8892 5686 752
492 6291 6590 2366 3059 5652 3443 2839 5682 7643 3008 5141 7088
493 2193 9344 762 7325 9708 1419 5409 5750 7801 1342 3270 7678
494 8360 6335 4310 9671 12 6559 1316 2681 5909 2663 3705 3775 2346
495 1363 2749 4513 3647 6633 2397 1397 2682 894 6708 3670 6216
496 9922 4328 2671 2123 1824 7515 1851 9728 6789 4611 2013 1083 7762
497 8245 9836 1456 5971 5247 746 5562 2691 9821 1520 6099
498 5796 5212 7876 7703 8801 2518 4506 6440 442 7449 2645 1287 308 8105 1454 8711
499 67 384 6733 8211 9940 1644 8588 6304 8055 784 7778 5877 325
